2024-11-15 17:28:02.3140578 [INFO] server is on, addr http://0.0.0.0:3001
2024-11-15 17:28:02.315581  [INFO] starting 2 workers
2024-11-15 17:28:02.3156146 [INFO] Actix runtime found; starting in Actix runtime
2024-11-15 17:28:02.3156281 [INFO] starting service: "actix-web-service-0.0.0.0:3001", workers: 2, listening on: 0.0.0.0:3001
2024-11-15 17:28:02.3156585 [TRACE] starting server worker 0
2024-11-15 17:28:02.3165506 [TRACE] starting server worker 1
2024-11-15 17:28:02.3167143 [TRACE] service "actix-web-service-0.0.0.0:3001" is available
2024-11-15 17:28:02.3171058 [TRACE] registering event source with poller: token=Token(0), interests=READABLE
2024-11-15 17:28:02.31711   [TRACE] service "actix-web-service-0.0.0.0:3001" is available
2024-11-15 17:28:02.3171951 [TRACE] setting up OS signal listener
2024-11-15 17:28:05.2130737 [TRACE] registering event source with poller: token=Token(1902108634368), interests=READABLE | WRITABLE
2024-11-15 17:28:05.2133265 [TRACE] start flags: Flags(0x0)
2024-11-15 17:28:05.2133929 [TRACE] start timers:
2024-11-15 17:28:05.2134059 [TRACE]   head timer is inactive
2024-11-15 17:28:05.2134085 [TRACE]   keep-alive timer is inactive
2024-11-15 17:28:05.2134171 [TRACE]   shutdown timer is inactive
2024-11-15 17:28:05.2135119 [TRACE] end timers:
2024-11-15 17:28:05.2135626 [TRACE]   head timer is active and due to expire in 4603.066 milliseconds
2024-11-15 17:28:05.213576  [TRACE]   keep-alive timer is inactive
2024-11-15 17:28:05.2135782 [TRACE]   shutdown timer is inactive
2024-11-15 17:28:05.2135973 [TRACE] end flags: Flags(STARTED)
2024-11-15 17:28:05.2136836 [TRACE] start flags: Flags(STARTED)
2024-11-15 17:28:05.2136959 [TRACE] start timers:
2024-11-15 17:28:05.213699  [TRACE]   head timer is active and due to expire in 4602.915 milliseconds
2024-11-15 17:28:05.2137015 [TRACE]   keep-alive timer is inactive
2024-11-15 17:28:05.2137045 [TRACE]   shutdown timer is inactive
2024-11-15 17:28:05.2140239 [TRACE] Length read: 119
2024-11-15 17:28:05.2155471 [INFO] k8s cmd : kubectl set image deployment/kabiai kabiai=kaibai-image:asdfasd
2024-11-15 17:28:05.2935858 [TRACE] end timers:
2024-11-15 17:28:05.2936102 [TRACE]   head timer is inactive
2024-11-15 17:28:05.2936132 [TRACE]   keep-alive timer is inactive
2024-11-15 17:28:05.2936156 [TRACE]   shutdown timer is inactive
2024-11-15 17:28:05.2936266 [TRACE] end flags: Flags(STARTED)
2024-11-15 17:28:05.293654  [TRACE] start flags: Flags(STARTED)
2024-11-15 17:28:05.293656  [TRACE] start timers:
2024-11-15 17:28:05.2936582 [TRACE]   head timer is inactive
2024-11-15 17:28:05.2936599 [TRACE]   keep-alive timer is inactive
2024-11-15 17:28:05.2936613 [TRACE]   shutdown timer is inactive
2024-11-15 17:28:05.29368   [TRACE] end timers:
2024-11-15 17:28:05.2936814 [TRACE]   head timer is inactive
2024-11-15 17:28:05.2936833 [TRACE]   keep-alive timer is inactive
2024-11-15 17:28:05.2936854 [TRACE]   shutdown timer is inactive
2024-11-15 17:28:05.2936877 [TRACE] end flags: Flags(STARTED)
2024-11-15 17:28:05.532353  [TRACE] start flags: Flags(STARTED)
2024-11-15 17:28:05.5323749 [TRACE] start timers:
2024-11-15 17:28:05.5323771 [TRACE]   head timer is inactive
2024-11-15 17:28:05.5323788 [TRACE]   keep-alive timer is inactive
2024-11-15 17:28:05.5323798 [TRACE]   shutdown timer is inactive
2024-11-15 17:28:05.5327191 [TRACE] start flags: Flags(STARTED | SHUTDOWN)
2024-11-15 17:28:05.5327244 [TRACE] start timers:
2024-11-15 17:28:05.5327255 [TRACE]   head timer is inactive
2024-11-15 17:28:05.5327266 [TRACE]   keep-alive timer is inactive
2024-11-15 17:28:05.5327277 [TRACE]   shutdown timer is inactive
2024-11-15 17:28:05.5327531 [TRACE] end flags: Flags(STARTED | SHUTDOWN)
2024-11-15 17:28:05.532761  [TRACE] deregistering event source from poller
2024-11-15 17:29:10.4498128 [INFO] SIGINT received; starting forced shutdown
2024-11-15 17:29:10.4498715 [TRACE] deregistering event source from poller
2024-11-15 17:29:10.4499076 [DEBUG] paused accepting connections on 0.0.0.0:3001
2024-11-15 17:29:10.449913  [INFO] accept thread stopped
2024-11-15 17:29:10.449939  [INFO] shutting down idle worker
2024-11-15 17:29:10.4499743 [INFO] shutting down idle worker
2024-11-15 17:29:17.2201346 [INFO] server is on, addr http://0.0.0.0:3001
2024-11-15 17:29:17.2218052 [INFO] starting 2 workers
2024-11-15 17:29:17.2218334 [INFO] Actix runtime found; starting in Actix runtime
2024-11-15 17:29:17.221853  [INFO] starting service: "actix-web-service-0.0.0.0:3001", workers: 2, listening on: 0.0.0.0:3001
2024-11-15 17:29:17.2218858 [TRACE] starting server worker 0
2024-11-15 17:29:17.2226155 [TRACE] starting server worker 1
2024-11-15 17:29:17.2226536 [TRACE] service "actix-web-service-0.0.0.0:3001" is available
2024-11-15 17:29:17.2229123 [TRACE] registering event source with poller: token=Token(0), interests=READABLE
2024-11-15 17:29:17.2229195 [TRACE] service "actix-web-service-0.0.0.0:3001" is available
2024-11-15 17:29:17.2229618 [TRACE] setting up OS signal listener
2024-11-15 17:29:22.0705943 [TRACE] registering event source with poller: token=Token(3059444050048), interests=READABLE | WRITABLE
2024-11-15 17:29:22.0707252 [TRACE] start flags: Flags(0x0)
2024-11-15 17:29:22.0707513 [TRACE] start timers:
2024-11-15 17:29:22.0707542 [TRACE]   head timer is inactive
2024-11-15 17:29:22.0707565 [TRACE]   keep-alive timer is inactive
2024-11-15 17:29:22.0707586 [TRACE]   shutdown timer is inactive
2024-11-15 17:29:22.0708153 [TRACE] end timers:
2024-11-15 17:29:22.0708255 [TRACE]   head timer is active and due to expire in 4651.8047 milliseconds
2024-11-15 17:29:22.0708286 [TRACE]   keep-alive timer is inactive
2024-11-15 17:29:22.0708296 [TRACE]   shutdown timer is inactive
2024-11-15 17:29:22.0708395 [TRACE] end flags: Flags(STARTED)
2024-11-15 17:29:22.0708725 [TRACE] start flags: Flags(STARTED)
2024-11-15 17:29:22.0708746 [TRACE] start timers:
2024-11-15 17:29:22.0708759 [TRACE]   head timer is active and due to expire in 4651.7485 milliseconds
2024-11-15 17:29:22.0708766 [TRACE]   keep-alive timer is inactive
2024-11-15 17:29:22.0708775 [TRACE]   shutdown timer is inactive
2024-11-15 17:29:22.0710975 [TRACE] Length read: 119
2024-11-15 17:29:22.0717752 [INFO] k8s cmd : kubectl set image deployment/kabiai kabiai=kaibai-image:asdfasd
2024-11-15 17:29:22.2159772 [TRACE] end timers:
2024-11-15 17:29:22.216009  [TRACE]   head timer is inactive
2024-11-15 17:29:22.2160121 [TRACE]   keep-alive timer is inactive
2024-11-15 17:29:22.2160151 [TRACE]   shutdown timer is inactive
2024-11-15 17:29:22.2160275 [TRACE] end flags: Flags(STARTED)
2024-11-15 17:29:22.216106  [TRACE] start flags: Flags(STARTED)
2024-11-15 17:29:22.2161148 [TRACE] start timers:
2024-11-15 17:29:22.2161183 [TRACE]   head timer is inactive
2024-11-15 17:29:22.2161215 [TRACE]   keep-alive timer is inactive
2024-11-15 17:29:22.2161242 [TRACE]   shutdown timer is inactive
2024-11-15 17:29:22.2161621 [TRACE] end timers:
2024-11-15 17:29:22.2161647 [TRACE]   head timer is inactive
2024-11-15 17:29:22.2161672 [TRACE]   keep-alive timer is inactive
2024-11-15 17:29:22.2161694 [TRACE]   shutdown timer is inactive
2024-11-15 17:29:22.2161761 [TRACE] end flags: Flags(STARTED)
2024-11-15 17:29:22.4089687 [TRACE] start flags: Flags(STARTED)
2024-11-15 17:29:22.4089896 [TRACE] start timers:
2024-11-15 17:29:22.4089921 [TRACE]   head timer is inactive
2024-11-15 17:29:22.4089934 [TRACE]   keep-alive timer is inactive
2024-11-15 17:29:22.4089944 [TRACE]   shutdown timer is inactive
2024-11-15 17:29:22.4092381 [TRACE] start flags: Flags(STARTED | SHUTDOWN)
2024-11-15 17:29:22.4092431 [TRACE] start timers:
2024-11-15 17:29:22.4092444 [TRACE]   head timer is inactive
2024-11-15 17:29:22.4092453 [TRACE]   keep-alive timer is inactive
2024-11-15 17:29:22.4092463 [TRACE]   shutdown timer is inactive
2024-11-15 17:29:22.4092687 [TRACE] end flags: Flags(STARTED | SHUTDOWN)
2024-11-15 17:29:22.4092765 [TRACE] deregistering event source from poller
2024-11-15 17:31:17.2292398 [INFO] SIGINT received; starting forced shutdown
2024-11-15 17:31:17.2294206 [INFO] shutting down idle worker
2024-11-15 17:31:17.2294389 [TRACE] deregistering event source from poller
2024-11-15 17:31:17.2295104 [DEBUG] paused accepting connections on 0.0.0.0:3001
2024-11-15 17:31:17.229542  [INFO] accept thread stopped
2024-11-15 17:31:17.2295518 [INFO] shutting down idle worker
2024-11-18 16:03:11.780926276 [INFO] server is on, addr http://0.0.0.0:3001
2024-11-18 16:03:11.819039287 [INFO] starting 2 workers
2024-11-18 16:03:11.819056657 [INFO] Actix runtime found; starting in Actix runtime
2024-11-18 16:03:11.830039229 [INFO] starting service: "actix-web-service-0.0.0.0:3001", workers: 2, listening on: 0.0.0.0:3001
2024-11-18 16:03:11.830072546 [TRACE] starting server worker 0
2024-11-18 16:03:11.830358208 [TRACE] registering event source with poller: token=Token(1), interests=READABLE
2024-11-18 16:03:11.87465707 [TRACE] starting server worker 1
2024-11-18 16:03:11.875563682 [TRACE] registering event source with poller: token=Token(1), interests=READABLE
2024-11-18 16:03:11.875718103 [TRACE] registering event source with poller: token=Token(0), interests=READABLE
2024-11-18 16:03:11.875719687 [TRACE] service "actix-web-service-0.0.0.0:3001" is available
2024-11-18 16:03:11.876147996 [TRACE] setting up OS signal listener
2024-11-18 16:03:11.887042704 [TRACE] service "actix-web-service-0.0.0.0:3001" is available
2024-11-18 16:03:13.819172115 [TRACE] SIGINT received
2024-11-18 16:03:13.819223978 [INFO] SIGINT received; starting forced shutdown
2024-11-18 16:03:13.819341053 [TRACE] deregistering event source from poller
2024-11-18 16:03:13.819360319 [INFO] shutting down idle worker
2024-11-18 16:03:13.819388778 [DEBUG] paused accepting connections on 0.0.0.0:3001
2024-11-18 16:03:13.819390839 [INFO] accept thread stopped
2024-11-18 16:03:13.819416542 [INFO] shutting down idle worker
2024-11-18 17:09:25.5904106 [INFO] server is on, addr http://0.0.0.0:3001
2024-11-18 17:09:25.5920484 [INFO] starting 2 workers
2024-11-18 17:09:25.5920804 [INFO] Actix runtime found; starting in Actix runtime
2024-11-18 17:09:25.5921188 [INFO] starting service: "actix-web-service-0.0.0.0:3001", workers: 2, listening on: 0.0.0.0:3001
2024-11-18 17:09:25.5921645 [TRACE] starting server worker 0
2024-11-18 17:09:25.5947303 [TRACE] starting server worker 1
2024-11-18 17:09:25.594794  [TRACE] service "actix-web-service-0.0.0.0:3001" is available
2024-11-18 17:09:25.5959447 [TRACE] registering event source with poller: token=Token(0), interests=READABLE
2024-11-18 17:09:25.5959632 [TRACE] service "actix-web-service-0.0.0.0:3001" is available
2024-11-18 17:09:25.5960026 [TRACE] setting up OS signal listener
2024-11-18 17:09:38.4143684 [TRACE] registering event source with poller: token=Token(1430546179456), interests=READABLE | WRITABLE
2024-11-18 17:09:38.4147005 [TRACE] start flags: Flags(0x0)
2024-11-18 17:09:38.4147371 [TRACE] start timers:
2024-11-18 17:09:38.4147417 [TRACE]   head timer is inactive
2024-11-18 17:09:38.4147434 [TRACE]   keep-alive timer is inactive
2024-11-18 17:09:38.4147443 [TRACE]   shutdown timer is inactive
2024-11-18 17:09:38.4148284 [TRACE] end timers:
2024-11-18 17:09:38.4148411 [TRACE]   head timer is active and due to expire in 4679.913 milliseconds
2024-11-18 17:09:38.4148422 [TRACE]   keep-alive timer is inactive
2024-11-18 17:09:38.4148458 [TRACE] registering event source with poller: token=Token(1430546003072), interests=READABLE | WRITABLE
2024-11-18 17:09:38.4148491 [TRACE]   shutdown timer is inactive
2024-11-18 17:09:38.414858  [TRACE] end flags: Flags(STARTED)
2024-11-18 17:09:38.4149089 [TRACE] start flags: Flags(STARTED)
2024-11-18 17:09:38.4149126 [TRACE] start timers:
2024-11-18 17:09:38.4149145 [TRACE]   head timer is active and due to expire in 4679.8325 milliseconds
2024-11-18 17:09:38.4149211 [TRACE]   keep-alive timer is inactive
2024-11-18 17:09:38.4149221 [TRACE]   shutdown timer is inactive
2024-11-18 17:09:38.4149643 [TRACE] start flags: Flags(0x0)
2024-11-18 17:09:38.4149674 [TRACE] start timers:
2024-11-18 17:09:38.4149685 [TRACE]   head timer is inactive
2024-11-18 17:09:38.4149697 [TRACE]   keep-alive timer is inactive
2024-11-18 17:09:38.4149722 [TRACE]   shutdown timer is inactive
2024-11-18 17:09:38.4150054 [TRACE] end timers:
2024-11-18 17:09:38.4150178 [TRACE]   head timer is active and due to expire in 4680.9395 milliseconds
2024-11-18 17:09:38.4150195 [TRACE]   keep-alive timer is inactive
2024-11-18 17:09:38.4150205 [TRACE]   shutdown timer is inactive
2024-11-18 17:09:38.4150225 [TRACE] end flags: Flags(STARTED)
2024-11-18 17:09:38.4154278 [TRACE] end timers:
2024-11-18 17:09:38.4154336 [TRACE]   head timer is inactive
2024-11-18 17:09:38.4154363 [TRACE]   keep-alive timer is active and due to expire in 4679.311 milliseconds
2024-11-18 17:09:38.4154374 [TRACE]   shutdown timer is inactive
2024-11-18 17:09:38.4154408 [TRACE] end flags: Flags(STARTED | FINISHED | KEEP_ALIVE)
2024-11-18 17:09:40.3136636 [TRACE] start flags: Flags(STARTED | FINISHED | KEEP_ALIVE)
2024-11-18 17:09:40.313691  [TRACE] start timers:
2024-11-18 17:09:40.3136941 [TRACE]   head timer is inactive
2024-11-18 17:09:40.313702  [TRACE]   keep-alive timer is active and due to expire in 2781.0493 milliseconds
2024-11-18 17:09:40.3137044 [TRACE]   shutdown timer is inactive
2024-11-18 17:09:40.3138543 [TRACE] trying to clear an inactive timer from line 705
2024-11-18 17:09:40.314038  [TRACE] end timers:
2024-11-18 17:09:40.3140469 [TRACE]   head timer is inactive
2024-11-18 17:09:40.3140506 [TRACE]   keep-alive timer is active and due to expire in 4780.6973 milliseconds
2024-11-18 17:09:40.3140541 [TRACE]   shutdown timer is inactive
2024-11-18 17:09:40.3140597 [TRACE] end flags: Flags(STARTED | FINISHED | KEEP_ALIVE)
2024-11-18 17:09:43.0999935 [TRACE] start flags: Flags(STARTED)
2024-11-18 17:09:43.1000494 [TRACE] start timers:
2024-11-18 17:09:43.1000554 [TRACE]   head timer is active and has reached deadline
2024-11-18 17:09:43.1000599 [TRACE]   keep-alive timer is inactive
2024-11-18 17:09:43.1000627 [TRACE]   shutdown timer is inactive
2024-11-18 17:09:43.1000764 [TRACE] timed out on slow request; replying with 408 and closing connection
2024-11-18 17:09:43.1003944 [TRACE] end flags: Flags(STARTED | FINISHED | SHUTDOWN)
2024-11-18 17:09:43.1004273 [TRACE] deregistering event source from poller
2024-11-18 17:09:45.0972568 [TRACE] start flags: Flags(STARTED | FINISHED | KEEP_ALIVE)
2024-11-18 17:09:45.0972881 [TRACE] start timers:
2024-11-18 17:09:45.0972918 [TRACE]   head timer is inactive
2024-11-18 17:09:45.0972957 [TRACE]   keep-alive timer is active and has reached deadline
2024-11-18 17:09:45.0972979 [TRACE]   shutdown timer is inactive
2024-11-18 17:09:45.0973048 [TRACE] timer timed out; closing connection
2024-11-18 17:09:45.0974637 [TRACE] end flags: Flags(STARTED | FINISHED | KEEP_ALIVE | SHUTDOWN)
2024-11-18 17:09:45.0975251 [TRACE] deregistering event source from poller
2024-11-18 17:09:48.0223923 [TRACE] registering event source with poller: token=Token(1430546002944), interests=READABLE | WRITABLE
2024-11-18 17:09:48.0226285 [TRACE] start flags: Flags(0x0)
2024-11-18 17:09:48.0226492 [TRACE] start timers:
2024-11-18 17:09:48.0226521 [TRACE]   head timer is inactive
2024-11-18 17:09:48.0226538 [TRACE]   keep-alive timer is inactive
2024-11-18 17:09:48.022655  [TRACE]   shutdown timer is inactive
2024-11-18 17:09:48.0226904 [TRACE] end timers:
2024-11-18 17:09:48.0226971 [TRACE]   head timer is active and due to expire in 4572.0547 milliseconds
2024-11-18 17:09:48.0227005 [TRACE]   keep-alive timer is inactive
2024-11-18 17:09:48.0227015 [TRACE]   shutdown timer is inactive
2024-11-18 17:09:48.022708  [TRACE] end flags: Flags(STARTED)
2024-11-18 17:09:48.0227552 [TRACE] start flags: Flags(STARTED)
2024-11-18 17:09:48.0227609 [TRACE] start timers:
2024-11-18 17:09:48.0227621 [TRACE]   head timer is active and due to expire in 4571.9844 milliseconds
2024-11-18 17:09:48.022763  [TRACE]   keep-alive timer is inactive
2024-11-18 17:09:48.0227637 [TRACE]   shutdown timer is inactive
2024-11-18 17:09:48.022955  [TRACE] end timers:
2024-11-18 17:09:48.0229603 [TRACE]   head timer is inactive
2024-11-18 17:09:48.0229626 [TRACE]   keep-alive timer is active and due to expire in 4571.785 milliseconds
2024-11-18 17:09:48.0229635 [TRACE]   shutdown timer is inactive
2024-11-18 17:09:48.0229662 [TRACE] end flags: Flags(STARTED | FINISHED | KEEP_ALIVE)
2024-11-18 17:09:48.0241237 [TRACE] registering event source with poller: token=Token(1430546172032), interests=READABLE | WRITABLE
2024-11-18 17:09:48.0242011 [TRACE] start flags: Flags(0x0)
2024-11-18 17:09:48.0242215 [TRACE] start timers:
2024-11-18 17:09:48.0242239 [TRACE]   head timer is inactive
2024-11-18 17:09:48.0242463 [TRACE]   keep-alive timer is inactive
2024-11-18 17:09:48.0242509 [TRACE]   shutdown timer is inactive
2024-11-18 17:09:48.0243531 [TRACE] end timers:
2024-11-18 17:09:48.0243672 [TRACE]   head timer is active and due to expire in 4571.584 milliseconds
2024-11-18 17:09:48.0243694 [TRACE]   keep-alive timer is inactive
2024-11-18 17:09:48.0243714 [TRACE]   shutdown timer is inactive
2024-11-18 17:09:48.0243761 [TRACE] end flags: Flags(STARTED)
2024-11-18 17:09:52.6008678 [TRACE] start flags: Flags(STARTED | FINISHED | KEEP_ALIVE)
2024-11-18 17:09:52.6008678 [TRACE] start flags: Flags(STARTED)
2024-11-18 17:09:52.6008955 [TRACE] start timers:
2024-11-18 17:09:52.6008963 [TRACE] start timers:
2024-11-18 17:09:52.6008984 [TRACE]   head timer is inactive
2024-11-18 17:09:52.6008997 [TRACE]   head timer is active and has reached deadline
2024-11-18 17:09:52.6009015 [TRACE]   keep-alive timer is active and has reached deadline
2024-11-18 17:09:52.6009023 [TRACE]   keep-alive timer is inactive
2024-11-18 17:09:52.6009038 [TRACE]   shutdown timer is inactive
2024-11-18 17:09:52.6009038 [TRACE]   shutdown timer is inactive
2024-11-18 17:09:52.6009099 [TRACE] timed out on slow request; replying with 408 and closing connection
2024-11-18 17:09:52.6009099 [TRACE] timer timed out; closing connection
2024-11-18 17:09:52.601049  [TRACE] end flags: Flags(STARTED | FINISHED | KEEP_ALIVE | SHUTDOWN)
2024-11-18 17:09:52.6010647 [TRACE] deregistering event source from poller
2024-11-18 17:09:52.601081  [TRACE] end flags: Flags(STARTED | FINISHED | SHUTDOWN)
2024-11-18 17:09:52.6010889 [TRACE] deregistering event source from poller
2024-11-18 17:09:55.6717071 [TRACE] registering event source with poller: token=Token(1430546172032), interests=READABLE | WRITABLE
2024-11-18 17:09:55.6717898 [TRACE] start flags: Flags(0x0)
2024-11-18 17:09:55.6717954 [TRACE] start timers:
2024-11-18 17:09:55.6717978 [TRACE]   head timer is inactive
2024-11-18 17:09:55.6717992 [TRACE]   keep-alive timer is inactive
2024-11-18 17:09:55.6718009 [TRACE]   shutdown timer is inactive
2024-11-18 17:09:55.6718256 [TRACE] end timers:
2024-11-18 17:09:55.6718311 [TRACE]   head timer is active and due to expire in 4922.92 milliseconds
2024-11-18 17:09:55.6718325 [TRACE]   keep-alive timer is inactive
2024-11-18 17:09:55.6718336 [TRACE]   shutdown timer is inactive
2024-11-18 17:09:55.6718385 [TRACE] end flags: Flags(STARTED)
2024-11-18 17:09:55.6718715 [TRACE] start flags: Flags(STARTED)
2024-11-18 17:09:55.6718755 [TRACE] start timers:
2024-11-18 17:09:55.6718774 [TRACE]   head timer is active and due to expire in 4922.8696 milliseconds
2024-11-18 17:09:55.6718783 [TRACE]   keep-alive timer is inactive
2024-11-18 17:09:55.6718796 [TRACE]   shutdown timer is inactive
2024-11-18 17:09:55.6721236 [TRACE] end timers:
2024-11-18 17:09:55.6721301 [TRACE]   head timer is inactive
2024-11-18 17:09:55.6721341 [TRACE]   keep-alive timer is active and due to expire in 4922.6147 milliseconds
2024-11-18 17:09:55.6721352 [TRACE]   shutdown timer is inactive
2024-11-18 17:09:55.6721388 [TRACE] end flags: Flags(STARTED | FINISHED | KEEP_ALIVE)
2024-11-18 17:09:55.6724691 [TRACE] registering event source with poller: token=Token(1430546235520), interests=READABLE | WRITABLE
2024-11-18 17:09:55.6725049 [TRACE] start flags: Flags(0x0)
2024-11-18 17:09:55.6725074 [TRACE] start timers:
2024-11-18 17:09:55.6725084 [TRACE]   head timer is inactive
2024-11-18 17:09:55.6725092 [TRACE]   keep-alive timer is inactive
2024-11-18 17:09:55.67251   [TRACE]   shutdown timer is inactive
2024-11-18 17:09:55.6725177 [TRACE] end timers:
2024-11-18 17:09:55.6725195 [TRACE]   head timer is active and due to expire in 4923.43 milliseconds
2024-11-18 17:09:55.6725216 [TRACE]   keep-alive timer is inactive
2024-11-18 17:09:55.6725223 [TRACE]   shutdown timer is inactive
2024-11-18 17:09:55.6725242 [TRACE] end flags: Flags(STARTED)
2024-11-18 17:10:00.6015284 [TRACE] start flags: Flags(STARTED)
2024-11-18 17:10:00.6015284 [TRACE] start flags: Flags(STARTED | FINISHED | KEEP_ALIVE)
2024-11-18 17:10:00.6015524 [TRACE] start timers:
2024-11-18 17:10:00.6015577 [TRACE]   head timer is active and has reached deadline
2024-11-18 17:10:00.60156   [TRACE]   keep-alive timer is inactive
2024-11-18 17:10:00.6015613 [TRACE]   shutdown timer is inactive
2024-11-18 17:10:00.6015661 [TRACE] timed out on slow request; replying with 408 and closing connection
2024-11-18 17:10:00.601598  [TRACE] start timers:
2024-11-18 17:10:00.6016006 [TRACE]   head timer is inactive
2024-11-18 17:10:00.6016027 [TRACE]   keep-alive timer is active and has reached deadline
2024-11-18 17:10:00.6016038 [TRACE]   shutdown timer is inactive
2024-11-18 17:10:00.6016082 [TRACE] timer timed out; closing connection
2024-11-18 17:10:00.6016739 [TRACE] end flags: Flags(STARTED | FINISHED | KEEP_ALIVE | SHUTDOWN)
2024-11-18 17:10:00.6016828 [TRACE] end flags: Flags(STARTED | FINISHED | SHUTDOWN)
2024-11-18 17:10:00.6016878 [TRACE] deregistering event source from poller
2024-11-18 17:10:00.6016894 [TRACE] deregistering event source from poller
2024-11-18 17:10:05.7265768 [TRACE] registering event source with poller: token=Token(1430546172032), interests=READABLE | WRITABLE
2024-11-18 17:10:05.7266638 [TRACE] start flags: Flags(0x0)
2024-11-18 17:10:05.7266706 [TRACE] start timers:
2024-11-18 17:10:05.7266729 [TRACE]   head timer is inactive
2024-11-18 17:10:05.7266742 [TRACE]   keep-alive timer is inactive
2024-11-18 17:10:05.7266754 [TRACE]   shutdown timer is inactive
2024-11-18 17:10:05.7266989 [TRACE] end timers:
2024-11-18 17:10:05.7267049 [TRACE]   head timer is active and due to expire in 4868.046 milliseconds
2024-11-18 17:10:05.7267064 [TRACE]   keep-alive timer is inactive
2024-11-18 17:10:05.7267072 [TRACE]   shutdown timer is inactive
2024-11-18 17:10:05.7267139 [TRACE] end flags: Flags(STARTED)
2024-11-18 17:10:05.7267492 [TRACE] start flags: Flags(STARTED)
2024-11-18 17:10:05.7267546 [TRACE] start timers:
2024-11-18 17:10:05.7267564 [TRACE]   head timer is active and due to expire in 4867.9907 milliseconds
2024-11-18 17:10:05.7267573 [TRACE]   keep-alive timer is inactive
2024-11-18 17:10:05.7267581 [TRACE]   shutdown timer is inactive
2024-11-18 17:10:05.7269949 [TRACE] end timers:
2024-11-18 17:10:05.7269993 [TRACE]   head timer is inactive
2024-11-18 17:10:05.7270023 [TRACE]   keep-alive timer is active and due to expire in 4867.745 milliseconds
2024-11-18 17:10:05.7270033 [TRACE]   shutdown timer is inactive
2024-11-18 17:10:05.727006  [TRACE] end flags: Flags(STARTED | FINISHED | KEEP_ALIVE)
2024-11-18 17:10:05.728656  [TRACE] registering event source with poller: token=Token(1430546002944), interests=READABLE | WRITABLE
2024-11-18 17:10:05.7287145 [TRACE] start flags: Flags(0x0)
2024-11-18 17:10:05.7287204 [TRACE] start timers:
2024-11-18 17:10:05.7287222 [TRACE]   head timer is inactive
2024-11-18 17:10:05.7287232 [TRACE]   keep-alive timer is inactive
2024-11-18 17:10:05.7287242 [TRACE]   shutdown timer is inactive
2024-11-18 17:10:05.7287398 [TRACE] end timers:
2024-11-18 17:10:05.7287437 [TRACE]   head timer is active and due to expire in 4867.208 milliseconds
2024-11-18 17:10:05.7287452 [TRACE]   keep-alive timer is inactive
2024-11-18 17:10:05.7287461 [TRACE]   shutdown timer is inactive
2024-11-18 17:10:05.7287496 [TRACE] end flags: Flags(STARTED)
2024-11-18 17:10:08.1670214 [TRACE] start flags: Flags(STARTED | FINISHED | KEEP_ALIVE)
2024-11-18 17:10:08.1670467 [TRACE] start timers:
2024-11-18 17:10:08.1670491 [TRACE]   head timer is inactive
2024-11-18 17:10:08.1670588 [TRACE]   keep-alive timer is active and due to expire in 2427.695 milliseconds
2024-11-18 17:10:08.1670604 [TRACE]   shutdown timer is inactive
2024-11-18 17:10:08.1671854 [TRACE] trying to clear an inactive timer from line 705
2024-11-18 17:10:08.1678901 [TRACE] end timers:
2024-11-18 17:10:08.1678976 [TRACE]   head timer is inactive
2024-11-18 17:10:08.1679011 [TRACE]   keep-alive timer is active and due to expire in 4926.847 milliseconds
2024-11-18 17:10:08.1679021 [TRACE]   shutdown timer is inactive
2024-11-18 17:10:08.1679062 [TRACE] end flags: Flags(STARTED | FINISHED | KEEP_ALIVE)
2024-11-18 17:10:08.1877112 [TRACE] registering event source with poller: token=Token(1430546059392), interests=READABLE | WRITABLE
2024-11-18 17:10:08.1878719 [TRACE] start flags: Flags(0x0)
2024-11-18 17:10:08.1878802 [TRACE] start timers:
2024-11-18 17:10:08.187883  [TRACE]   head timer is inactive
2024-11-18 17:10:08.1878848 [TRACE]   keep-alive timer is inactive
2024-11-18 17:10:08.1878864 [TRACE]   shutdown timer is inactive
2024-11-18 17:10:08.1879238 [TRACE] end timers:
2024-11-18 17:10:08.1879338 [TRACE]   head timer is active and due to expire in 4906.8213 milliseconds
2024-11-18 17:10:08.1879347 [TRACE]   keep-alive timer is inactive
2024-11-18 17:10:08.1879355 [TRACE]   shutdown timer is inactive
2024-11-18 17:10:08.1879419 [TRACE] end flags: Flags(STARTED)
2024-11-18 17:10:08.1880702 [TRACE] registering event source with poller: token=Token(1430546257152), interests=READABLE | WRITABLE
2024-11-18 17:10:08.188139  [TRACE] start flags: Flags(0x0)
2024-11-18 17:10:08.1881491 [TRACE] start timers:
2024-11-18 17:10:08.1881532 [TRACE]   head timer is inactive
2024-11-18 17:10:08.1881552 [TRACE]   keep-alive timer is inactive
2024-11-18 17:10:08.1881573 [TRACE]   shutdown timer is inactive
2024-11-18 17:10:08.1881604 [TRACE] start flags: Flags(STARTED | FINISHED | KEEP_ALIVE)
2024-11-18 17:10:08.1881635 [TRACE] start timers:
2024-11-18 17:10:08.1881647 [TRACE]   head timer is inactive
2024-11-18 17:10:08.1881694 [TRACE]   keep-alive timer is active and due to expire in 4906.5806 milliseconds
2024-11-18 17:10:08.1881705 [TRACE]   shutdown timer is inactive
2024-11-18 17:10:08.1881872 [TRACE] end timers:
2024-11-18 17:10:08.188195  [TRACE]   head timer is active and due to expire in 4907.7593 milliseconds
2024-11-18 17:10:08.188198  [TRACE]   keep-alive timer is inactive
2024-11-18 17:10:08.1881998 [TRACE]   shutdown timer is inactive
2024-11-18 17:10:08.1882059 [TRACE] end flags: Flags(STARTED)
2024-11-18 17:10:08.1883273 [TRACE] start flags: Flags(STARTED)
2024-11-18 17:10:08.1883353 [TRACE] start timers:
2024-11-18 17:10:08.1883373 [TRACE]   head timer is active and due to expire in 2407.612 milliseconds
2024-11-18 17:10:08.1883383 [TRACE]   keep-alive timer is inactive
2024-11-18 17:10:08.1883421 [TRACE]   shutdown timer is inactive
2024-11-18 17:10:08.1883848 [TRACE] trying to clear an inactive timer from line 705
2024-11-18 17:10:08.1897483 [TRACE] end timers:
2024-11-18 17:10:08.1897596 [TRACE]   head timer is inactive
2024-11-18 17:10:08.1897672 [TRACE]   keep-alive timer is active and due to expire in 4906.1855 milliseconds
2024-11-18 17:10:08.1897687 [TRACE]   shutdown timer is inactive
2024-11-18 17:10:08.1897769 [TRACE] end flags: Flags(STARTED | FINISHED | KEEP_ALIVE)
2024-11-18 17:10:08.1898463 [TRACE] start flags: Flags(STARTED)
2024-11-18 17:10:08.1898519 [TRACE] start timers:
2024-11-18 17:10:08.1898542 [TRACE]   head timer is active and due to expire in 4906.0957 milliseconds
2024-11-18 17:10:08.1898577 [TRACE]   keep-alive timer is inactive
2024-11-18 17:10:08.189859  [TRACE]   shutdown timer is inactive
2024-11-18 17:10:08.1927653 [TRACE] end timers:
2024-11-18 17:10:08.1927831 [TRACE]   head timer is inactive
2024-11-18 17:10:08.1927948 [TRACE]   keep-alive timer is active and due to expire in 4901.9595 milliseconds
2024-11-18 17:10:08.1927975 [TRACE]   shutdown timer is inactive
2024-11-18 17:10:08.1928109 [TRACE] end flags: Flags(STARTED | FINISHED | KEEP_ALIVE)
2024-11-18 17:10:08.1928873 [TRACE] registering event source with poller: token=Token(1430545988480), interests=READABLE | WRITABLE
2024-11-18 17:10:08.1929748 [TRACE] start flags: Flags(0x0)
2024-11-18 17:10:08.1929789 [TRACE] start timers:
2024-11-18 17:10:08.1929797 [TRACE]   head timer is inactive
2024-11-18 17:10:08.1929807 [TRACE]   keep-alive timer is inactive
2024-11-18 17:10:08.1929816 [TRACE]   shutdown timer is inactive
2024-11-18 17:10:08.1929963 [TRACE] end timers:
2024-11-18 17:10:08.1929978 [TRACE]   head timer is active and due to expire in 4901.749 milliseconds
2024-11-18 17:10:08.1929985 [TRACE]   keep-alive timer is inactive
2024-11-18 17:10:08.1929992 [TRACE]   shutdown timer is inactive
2024-11-18 17:10:08.1930037 [TRACE] end flags: Flags(STARTED)
2024-11-18 17:10:08.1931158 [TRACE] start flags: Flags(STARTED)
2024-11-18 17:10:08.1931189 [TRACE] start timers:
2024-11-18 17:10:08.1931202 [TRACE]   head timer is active and due to expire in 4901.6265 milliseconds
2024-11-18 17:10:08.1931212 [TRACE]   keep-alive timer is inactive
2024-11-18 17:10:08.1931242 [TRACE]   shutdown timer is inactive
2024-11-18 17:10:08.1959662 [TRACE] end timers:
2024-11-18 17:10:08.1959852 [TRACE]   head timer is inactive
2024-11-18 17:10:08.195995  [TRACE]   keep-alive timer is active and due to expire in 4899.96 milliseconds
2024-11-18 17:10:08.1959967 [TRACE]   shutdown timer is inactive
2024-11-18 17:10:08.1960106 [TRACE] end flags: Flags(STARTED | FINISHED | KEEP_ALIVE)
2024-11-18 17:10:08.22115   [TRACE] end timers:
2024-11-18 17:10:08.2211878 [TRACE]   head timer is inactive
2024-11-18 17:10:08.2212055 [TRACE]   keep-alive timer is active and due to expire in 4873.553 milliseconds
2024-11-18 17:10:08.2212077 [TRACE]   shutdown timer is inactive
2024-11-18 17:10:08.2212242 [TRACE] end flags: Flags(STARTED | FINISHED | KEEP_ALIVE)
2024-11-18 17:10:08.2212659 [TRACE] start flags: Flags(STARTED)
2024-11-18 17:10:08.2212668 [TRACE] start timers:
2024-11-18 17:10:08.221271  [TRACE]   head timer is active and due to expire in 4873.4785 milliseconds
2024-11-18 17:10:08.2212728 [TRACE]   keep-alive timer is inactive
2024-11-18 17:10:08.2212734 [TRACE]   shutdown timer is inactive
2024-11-18 17:10:08.2223951 [TRACE] end timers:
2024-11-18 17:10:08.2224066 [TRACE]   head timer is inactive
2024-11-18 17:10:08.2224124 [TRACE]   keep-alive timer is active and due to expire in 4872.337 milliseconds
2024-11-18 17:10:08.2224146 [TRACE]   shutdown timer is inactive
2024-11-18 17:10:08.2224206 [TRACE] end flags: Flags(STARTED | FINISHED | KEEP_ALIVE)
2024-11-18 17:10:08.404866  [TRACE] start flags: Flags(STARTED | FINISHED | KEEP_ALIVE)
2024-11-18 17:10:08.4048878 [TRACE] start timers:
2024-11-18 17:10:08.4048898 [TRACE]   head timer is inactive
2024-11-18 17:10:08.404898  [TRACE]   keep-alive timer is active and due to expire in 4689.854 milliseconds
2024-11-18 17:10:08.4048993 [TRACE]   shutdown timer is inactive
2024-11-18 17:10:08.4050074 [TRACE] trying to clear an inactive timer from line 705
2024-11-18 17:10:08.4053386 [TRACE] end timers:
2024-11-18 17:10:08.4053444 [TRACE]   head timer is inactive
2024-11-18 17:10:08.4053491 [TRACE]   keep-alive timer is active and due to expire in 4689.4 milliseconds
2024-11-18 17:10:08.4053502 [TRACE]   shutdown timer is inactive
2024-11-18 17:10:08.4053575 [TRACE] end flags: Flags(STARTED | FINISHED | KEEP_ALIVE)
2024-11-18 17:10:08.4129099 [TRACE] start flags: Flags(STARTED | FINISHED | KEEP_ALIVE)
2024-11-18 17:10:08.4129257 [TRACE] start timers:
2024-11-18 17:10:08.4129276 [TRACE]   head timer is inactive
2024-11-18 17:10:08.4129322 [TRACE]   keep-alive timer is active and due to expire in 4681.817 milliseconds
2024-11-18 17:10:08.4129335 [TRACE]   shutdown timer is inactive
2024-11-18 17:10:08.4130188 [TRACE] trying to clear an inactive timer from line 705
2024-11-18 17:10:08.4135835 [TRACE] end timers:
2024-11-18 17:10:08.4135899 [TRACE]   head timer is inactive
2024-11-18 17:10:08.4135926 [TRACE]   keep-alive timer is active and due to expire in 4681.1553 milliseconds
2024-11-18 17:10:08.4135935 [TRACE]   shutdown timer is inactive
2024-11-18 17:10:08.4135975 [TRACE] end flags: Flags(STARTED | FINISHED | KEEP_ALIVE)
2024-11-18 17:10:13.1072442 [TRACE] start flags: Flags(STARTED | FINISHED | KEEP_ALIVE)
2024-11-18 17:10:13.1072443 [TRACE] start flags: Flags(STARTED | FINISHED | KEEP_ALIVE)
2024-11-18 17:10:13.1072682 [TRACE] start timers:
2024-11-18 17:10:13.1072692 [TRACE] start timers:
2024-11-18 17:10:13.1072717 [TRACE]   head timer is inactive
2024-11-18 17:10:13.107272  [TRACE]   head timer is inactive
2024-11-18 17:10:13.1072752 [TRACE]   keep-alive timer is active and has reached deadline
2024-11-18 17:10:13.1072754 [TRACE]   keep-alive timer is active and has reached deadline
2024-11-18 17:10:13.1072766 [TRACE]   shutdown timer is inactive
2024-11-18 17:10:13.1072772 [TRACE]   shutdown timer is inactive
2024-11-18 17:10:13.1072819 [TRACE] timer timed out; closing connection
2024-11-18 17:10:13.1072819 [TRACE] timer timed out; closing connection
2024-11-18 17:10:13.1074062 [TRACE] end flags: Flags(STARTED | FINISHED | KEEP_ALIVE | SHUTDOWN)
2024-11-18 17:10:13.107444  [TRACE] end flags: Flags(STARTED | FINISHED | KEEP_ALIVE | SHUTDOWN)
2024-11-18 17:10:13.1074506 [TRACE] deregistering event source from poller
2024-11-18 17:10:13.1074632 [TRACE] deregistering event source from poller
2024-11-18 17:10:13.107498  [TRACE] start flags: Flags(STARTED | FINISHED | KEEP_ALIVE)
2024-11-18 17:10:13.1075011 [TRACE] start timers:
2024-11-18 17:10:13.1075029 [TRACE]   head timer is inactive
2024-11-18 17:10:13.107505  [TRACE]   keep-alive timer is active and has reached deadline
2024-11-18 17:10:13.1075065 [TRACE]   shutdown timer is inactive
2024-11-18 17:10:13.1075104 [TRACE] timer timed out; closing connection
2024-11-18 17:10:13.1075739 [TRACE] end flags: Flags(STARTED | FINISHED | KEEP_ALIVE | SHUTDOWN)
2024-11-18 17:10:13.1075967 [TRACE] deregistering event source from poller
2024-11-18 17:10:13.1076241 [TRACE] start flags: Flags(STARTED | FINISHED | KEEP_ALIVE)
2024-11-18 17:10:13.1076303 [TRACE] start timers:
2024-11-18 17:10:13.1076338 [TRACE]   head timer is inactive
2024-11-18 17:10:13.1076392 [TRACE]   keep-alive timer is active and has reached deadline
2024-11-18 17:10:13.1076424 [TRACE]   shutdown timer is inactive
2024-11-18 17:10:13.1076481 [TRACE] timer timed out; closing connection
2024-11-18 17:10:13.1077349 [TRACE] end flags: Flags(STARTED | FINISHED | KEEP_ALIVE | SHUTDOWN)
2024-11-18 17:10:13.1077898 [TRACE] deregistering event source from poller
2024-11-18 17:10:13.1078306 [TRACE] start flags: Flags(STARTED | FINISHED | KEEP_ALIVE)
2024-11-18 17:10:13.1078354 [TRACE] start timers:
2024-11-18 17:10:13.1078371 [TRACE]   head timer is inactive
2024-11-18 17:10:13.1078391 [TRACE]   keep-alive timer is active and has reached deadline
2024-11-18 17:10:13.1078405 [TRACE]   shutdown timer is inactive
2024-11-18 17:10:13.1078442 [TRACE] timer timed out; closing connection
2024-11-18 17:10:13.1079001 [TRACE] end flags: Flags(STARTED | FINISHED | KEEP_ALIVE | SHUTDOWN)
2024-11-18 17:10:13.1079054 [TRACE] deregistering event source from poller
2024-11-18 17:10:17.702373  [TRACE] registering event source with poller: token=Token(1430546059392), interests=READABLE | WRITABLE
2024-11-18 17:10:17.702514  [TRACE] start flags: Flags(0x0)
2024-11-18 17:10:17.7025315 [TRACE] start timers:
2024-11-18 17:10:17.7025376 [TRACE]   head timer is inactive
2024-11-18 17:10:17.7025406 [TRACE]   keep-alive timer is inactive
2024-11-18 17:10:17.7025428 [TRACE]   shutdown timer is inactive
2024-11-18 17:10:17.7025833 [TRACE] end timers:
2024-11-18 17:10:17.7025985 [TRACE]   head timer is active and due to expire in 4893.3584 milliseconds
2024-11-18 17:10:17.7026014 [TRACE]   keep-alive timer is inactive
2024-11-18 17:10:17.7026029 [TRACE]   shutdown timer is inactive
2024-11-18 17:10:17.7026118 [TRACE] end flags: Flags(STARTED)
2024-11-18 17:10:17.702675  [TRACE] start flags: Flags(STARTED)
2024-11-18 17:10:17.7026833 [TRACE] start timers:
2024-11-18 17:10:17.7026862 [TRACE]   head timer is active and due to expire in 4893.263 milliseconds
2024-11-18 17:10:17.7026889 [TRACE]   keep-alive timer is inactive
2024-11-18 17:10:17.7026908 [TRACE]   shutdown timer is inactive
2024-11-18 17:10:17.7031941 [TRACE] end timers:
2024-11-18 17:10:17.7032065 [TRACE]   head timer is inactive
2024-11-18 17:10:17.7032135 [TRACE]   keep-alive timer is active and due to expire in 4892.7383 milliseconds
2024-11-18 17:10:17.7032156 [TRACE]   shutdown timer is inactive
2024-11-18 17:10:17.7032242 [TRACE] end flags: Flags(STARTED | FINISHED | KEEP_ALIVE)
2024-11-18 17:10:17.7032953 [TRACE] registering event source with poller: token=Token(1430546172032), interests=READABLE | WRITABLE
2024-11-18 17:10:17.7033678 [TRACE] start flags: Flags(0x0)
2024-11-18 17:10:17.7033778 [TRACE] start timers:
2024-11-18 17:10:17.7033799 [TRACE]   head timer is inactive
2024-11-18 17:10:17.7033817 [TRACE]   keep-alive timer is inactive
2024-11-18 17:10:17.7033838 [TRACE]   shutdown timer is inactive
2024-11-18 17:10:17.7034062 [TRACE] end timers:
2024-11-18 17:10:17.703411  [TRACE]   head timer is active and due to expire in 4891.3384 milliseconds
2024-11-18 17:10:17.7034131 [TRACE]   keep-alive timer is inactive
2024-11-18 17:10:17.7034151 [TRACE]   shutdown timer is inactive
2024-11-18 17:10:17.7034189 [TRACE] end flags: Flags(STARTED)
2024-11-18 17:10:17.8315331 [TRACE] start flags: Flags(STARTED | FINISHED | KEEP_ALIVE)
2024-11-18 17:10:17.831562  [TRACE] start timers:
2024-11-18 17:10:17.8315654 [TRACE]   head timer is inactive
2024-11-18 17:10:17.831573  [TRACE]   keep-alive timer is active and due to expire in 4764.3804 milliseconds
2024-11-18 17:10:17.831576  [TRACE]   shutdown timer is inactive
2024-11-18 17:10:17.8317265 [TRACE] trying to clear an inactive timer from line 705
2024-11-18 17:10:17.8319187 [TRACE] end timers:
2024-11-18 17:10:17.8319269 [TRACE]   head timer is inactive
2024-11-18 17:10:17.8319317 [TRACE]   keep-alive timer is active and due to expire in 4764.0195 milliseconds
2024-11-18 17:10:17.8319337 [TRACE]   shutdown timer is inactive
2024-11-18 17:10:17.8319389 [TRACE] end flags: Flags(STARTED | FINISHED | KEEP_ALIVE)
2024-11-18 17:10:22.6019012 [TRACE] start flags: Flags(STARTED)
2024-11-18 17:10:22.6019012 [TRACE] start flags: Flags(STARTED | FINISHED | KEEP_ALIVE)
2024-11-18 17:10:22.6019237 [TRACE] start timers:
2024-11-18 17:10:22.6019251 [TRACE] start timers:
2024-11-18 17:10:22.6019273 [TRACE]   head timer is active and has reached deadline
2024-11-18 17:10:22.6019275 [TRACE]   head timer is inactive
2024-11-18 17:10:22.6019285 [TRACE]   keep-alive timer is inactive
2024-11-18 17:10:22.6019295 [TRACE]   shutdown timer is inactive
2024-11-18 17:10:22.6019295 [TRACE]   keep-alive timer is active and has reached deadline
2024-11-18 17:10:22.6019312 [TRACE]   shutdown timer is inactive
2024-11-18 17:10:22.6019339 [TRACE] timed out on slow request; replying with 408 and closing connection
2024-11-18 17:10:22.6019354 [TRACE] timer timed out; closing connection
2024-11-18 17:10:22.602078  [TRACE] end flags: Flags(STARTED | FINISHED | KEEP_ALIVE | SHUTDOWN)
2024-11-18 17:10:22.6020949 [TRACE] deregistering event source from poller
2024-11-18 17:10:22.6021111 [TRACE] end flags: Flags(STARTED | FINISHED | SHUTDOWN)
2024-11-18 17:10:22.6022245 [TRACE] deregistering event source from poller
2024-11-18 17:10:25.2871371 [TRACE] registering event source with poller: token=Token(1430546059392), interests=READABLE | WRITABLE
2024-11-18 17:10:25.2872405 [TRACE] start flags: Flags(0x0)
2024-11-18 17:10:25.2872478 [TRACE] start timers:
2024-11-18 17:10:25.28725   [TRACE]   head timer is inactive
2024-11-18 17:10:25.2872513 [TRACE]   keep-alive timer is inactive
2024-11-18 17:10:25.2872528 [TRACE]   shutdown timer is inactive
2024-11-18 17:10:25.2872785 [TRACE] end timers:
2024-11-18 17:10:25.2872851 [TRACE]   head timer is active and due to expire in 4808.668 milliseconds
2024-11-18 17:10:25.2872859 [TRACE]   keep-alive timer is inactive
2024-11-18 17:10:25.2872867 [TRACE]   shutdown timer is inactive
2024-11-18 17:10:25.2872917 [TRACE] end flags: Flags(STARTED)
2024-11-18 17:10:25.2873248 [TRACE] start flags: Flags(STARTED)
2024-11-18 17:10:25.2873257 [TRACE] start timers:
2024-11-18 17:10:25.2873269 [TRACE]   head timer is active and due to expire in 4808.622 milliseconds
2024-11-18 17:10:25.2873276 [TRACE]   keep-alive timer is inactive
2024-11-18 17:10:25.2873283 [TRACE]   shutdown timer is inactive
2024-11-18 17:10:25.2875138 [TRACE] end timers:
2024-11-18 17:10:25.2875191 [TRACE]   head timer is inactive
2024-11-18 17:10:25.2875218 [TRACE]   keep-alive timer is active and due to expire in 4808.4277 milliseconds
2024-11-18 17:10:25.2875233 [TRACE]   shutdown timer is inactive
2024-11-18 17:10:25.2875254 [TRACE] end flags: Flags(STARTED | FINISHED | KEEP_ALIVE)
2024-11-18 17:10:26.206213  [TRACE] start flags: Flags(STARTED | FINISHED | KEEP_ALIVE)
2024-11-18 17:10:26.2062439 [TRACE] start timers:
2024-11-18 17:10:26.206247  [TRACE]   head timer is inactive
2024-11-18 17:10:26.2062552 [TRACE]   keep-alive timer is active and due to expire in 3889.699 milliseconds
2024-11-18 17:10:26.2062577 [TRACE]   shutdown timer is inactive
2024-11-18 17:10:26.2064092 [TRACE] trying to clear an inactive timer from line 705
2024-11-18 17:10:26.2065966 [TRACE] end timers:
2024-11-18 17:10:26.2066057 [TRACE]   head timer is inactive
2024-11-18 17:10:26.2066093 [TRACE]   keep-alive timer is active and due to expire in 4889.341 milliseconds
2024-11-18 17:10:26.2066111 [TRACE]   shutdown timer is inactive
2024-11-18 17:10:26.2066161 [TRACE] end flags: Flags(STARTED | FINISHED | KEEP_ALIVE)
2024-11-18 17:10:31.1076292 [TRACE] start flags: Flags(STARTED | FINISHED | KEEP_ALIVE)
2024-11-18 17:10:31.1076655 [TRACE] start timers:
2024-11-18 17:10:31.1076701 [TRACE]   head timer is inactive
2024-11-18 17:10:31.1076749 [TRACE]   keep-alive timer is active and has reached deadline
2024-11-18 17:10:31.1076789 [TRACE]   shutdown timer is inactive
2024-11-18 17:10:31.1076865 [TRACE] timer timed out; closing connection
2024-11-18 17:10:31.1078366 [TRACE] end flags: Flags(STARTED | FINISHED | KEEP_ALIVE | SHUTDOWN)
2024-11-18 17:10:31.1078637 [TRACE] deregistering event source from poller
2024-11-18 17:12:38.1138931 [INFO] SIGINT received; starting forced shutdown
2024-11-18 17:12:38.1139375 [TRACE] deregistering event source from poller
2024-11-18 17:12:38.1139625 [INFO] shutting down idle worker
2024-11-18 17:12:38.1139665 [DEBUG] paused accepting connections on 0.0.0.0:3001
2024-11-18 17:12:38.1139663 [INFO] shutting down idle worker
2024-11-18 17:12:38.1139689 [INFO] accept thread stopped
2024-11-18 17:12:45.4252402 [INFO] server is on, addr http://0.0.0.0:3001
2024-11-18 17:12:45.4269209 [INFO] starting 2 workers
2024-11-18 17:12:45.4269519 [INFO] Actix runtime found; starting in Actix runtime
2024-11-18 17:12:45.4269689 [INFO] starting service: "actix-web-service-0.0.0.0:3001", workers: 2, listening on: 0.0.0.0:3001
2024-11-18 17:12:45.427007  [TRACE] starting server worker 0
2024-11-18 17:12:45.4291952 [TRACE] starting server worker 1
2024-11-18 17:12:45.4292621 [TRACE] service "actix-web-service-0.0.0.0:3001" is available
2024-11-18 17:12:45.4303747 [TRACE] registering event source with poller: token=Token(0), interests=READABLE
2024-11-18 17:12:45.4303835 [TRACE] service "actix-web-service-0.0.0.0:3001" is available
2024-11-18 17:12:45.4304356 [TRACE] setting up OS signal listener
2024-11-18 17:12:49.7177256 [TRACE] registering event source with poller: token=Token(2160767185408), interests=READABLE | WRITABLE
2024-11-18 17:12:49.7178987 [TRACE] start flags: Flags(0x0)
2024-11-18 17:12:49.7179237 [TRACE] start timers:
2024-11-18 17:12:49.7179482 [TRACE]   head timer is inactive
2024-11-18 17:12:49.7179575 [TRACE]   keep-alive timer is inactive
2024-11-18 17:12:49.7179598 [TRACE]   shutdown timer is inactive
2024-11-18 17:12:49.7180624 [TRACE] end timers:
2024-11-18 17:12:49.7180817 [TRACE]   head timer is active and due to expire in 4711.1406 milliseconds
2024-11-18 17:12:49.7180838 [TRACE]   keep-alive timer is inactive
2024-11-18 17:12:49.7180856 [TRACE]   shutdown timer is inactive
2024-11-18 17:12:49.7181004 [TRACE] end flags: Flags(STARTED)
2024-11-18 17:12:49.7181615 [TRACE] start flags: Flags(STARTED)
2024-11-18 17:12:49.7182062 [TRACE] start timers:
2024-11-18 17:12:49.7182114 [TRACE]   head timer is active and due to expire in 4711.003 milliseconds
2024-11-18 17:12:49.7182181 [TRACE]   keep-alive timer is inactive
2024-11-18 17:12:49.7182193 [TRACE]   shutdown timer is inactive
2024-11-18 17:12:49.7191786 [TRACE] end timers:
2024-11-18 17:12:49.7191853 [TRACE]   head timer is inactive
2024-11-18 17:12:49.7191879 [TRACE]   keep-alive timer is active and due to expire in 4710.025 milliseconds
2024-11-18 17:12:49.719189  [TRACE]   shutdown timer is inactive
2024-11-18 17:12:49.7191938 [TRACE] end flags: Flags(STARTED | FINISHED | KEEP_ALIVE)
2024-11-18 17:12:49.7198756 [TRACE] registering event source with poller: token=Token(2160767343232), interests=READABLE | WRITABLE
2024-11-18 17:12:49.7199336 [TRACE] start flags: Flags(0x0)
2024-11-18 17:12:49.7199367 [TRACE] start timers:
2024-11-18 17:12:49.7199386 [TRACE]   head timer is inactive
2024-11-18 17:12:49.7199397 [TRACE]   keep-alive timer is inactive
2024-11-18 17:12:49.7199405 [TRACE]   shutdown timer is inactive
2024-11-18 17:12:49.7199531 [TRACE] end timers:
2024-11-18 17:12:49.7199554 [TRACE]   head timer is active and due to expire in 4710.416 milliseconds
2024-11-18 17:12:49.7199565 [TRACE]   keep-alive timer is inactive
2024-11-18 17:12:49.7199572 [TRACE]   shutdown timer is inactive
2024-11-18 17:12:49.7199597 [TRACE] end flags: Flags(STARTED)
2024-11-18 17:12:49.7293955 [TRACE] registering event source with poller: token=Token(2160767357056), interests=READABLE | WRITABLE
2024-11-18 17:12:49.7293955 [TRACE] registering event source with poller: token=Token(2160767469056), interests=READABLE | WRITABLE
2024-11-18 17:12:49.7294917 [TRACE] start flags: Flags(0x0)
2024-11-18 17:12:49.7294917 [TRACE] start flags: Flags(0x0)
2024-11-18 17:12:49.7295004 [TRACE] start timers:
2024-11-18 17:12:49.729501  [TRACE] start timers:
2024-11-18 17:12:49.7295045 [TRACE]   head timer is inactive
2024-11-18 17:12:49.7295045 [TRACE]   head timer is inactive
2024-11-18 17:12:49.7295062 [TRACE]   keep-alive timer is inactive
2024-11-18 17:12:49.7295062 [TRACE]   keep-alive timer is inactive
2024-11-18 17:12:49.7295078 [TRACE]   shutdown timer is inactive
2024-11-18 17:12:49.7295083 [TRACE]   shutdown timer is inactive
2024-11-18 17:12:49.7295395 [TRACE] end timers:
2024-11-18 17:12:49.7295408 [TRACE] end timers:
2024-11-18 17:12:49.7295465 [TRACE]   head timer is active and due to expire in 4700.827 milliseconds
2024-11-18 17:12:49.7295475 [TRACE]   head timer is active and due to expire in 4699.666 milliseconds
2024-11-18 17:12:49.7295475 [TRACE]   keep-alive timer is inactive
2024-11-18 17:12:49.7295484 [TRACE]   shutdown timer is inactive
2024-11-18 17:12:49.7295485 [TRACE]   keep-alive timer is inactive
2024-11-18 17:12:49.7295514 [TRACE]   shutdown timer is inactive
2024-11-18 17:12:49.7295547 [TRACE] end flags: Flags(STARTED)
2024-11-18 17:12:49.7295547 [TRACE] end flags: Flags(STARTED)
2024-11-18 17:12:49.729593  [TRACE] start flags: Flags(STARTED | FINISHED | KEEP_ALIVE)
2024-11-18 17:12:49.7295968 [TRACE] start timers:
2024-11-18 17:12:49.7295975 [TRACE]   head timer is inactive
2024-11-18 17:12:49.7295988 [TRACE]   keep-alive timer is active and due to expire in 4699.614 milliseconds
2024-11-18 17:12:49.7295995 [TRACE]   shutdown timer is inactive
2024-11-18 17:12:49.7296713 [TRACE] start flags: Flags(STARTED)
2024-11-18 17:12:49.7296781 [TRACE] start timers:
2024-11-18 17:12:49.7296805 [TRACE]   head timer is active and due to expire in 4700.691 milliseconds
2024-11-18 17:12:49.7296817 [TRACE]   keep-alive timer is inactive
2024-11-18 17:12:49.7296838 [TRACE]   shutdown timer is inactive
2024-11-18 17:12:49.729696  [TRACE] trying to clear an inactive timer from line 705
2024-11-18 17:12:49.7302635 [TRACE] end timers:
2024-11-18 17:12:49.730269  [TRACE]   head timer is inactive
2024-11-18 17:12:49.7302715 [TRACE]   keep-alive timer is active and due to expire in 4700.1 milliseconds
2024-11-18 17:12:49.7302724 [TRACE]   shutdown timer is inactive
2024-11-18 17:12:49.7302752 [TRACE] end flags: Flags(STARTED | FINISHED | KEEP_ALIVE)
2024-11-18 17:12:49.7303092 [TRACE] start flags: Flags(STARTED)
2024-11-18 17:12:49.7303106 [TRACE] start timers:
2024-11-18 17:12:49.7303118 [TRACE]   head timer is active and due to expire in 4700.059 milliseconds
2024-11-18 17:12:49.7303126 [TRACE]   keep-alive timer is inactive
2024-11-18 17:12:49.7303134 [TRACE]   shutdown timer is inactive
2024-11-18 17:12:49.7343196 [TRACE] end timers:
2024-11-18 17:12:49.7343602 [TRACE]   head timer is inactive
2024-11-18 17:12:49.7343757 [TRACE]   keep-alive timer is active and due to expire in 4694.848 milliseconds
2024-11-18 17:12:49.7343797 [TRACE]   shutdown timer is inactive
2024-11-18 17:12:49.7344031 [TRACE] end flags: Flags(STARTED | FINISHED | KEEP_ALIVE)
2024-11-18 17:12:49.7344949 [TRACE] registering event source with poller: token=Token(2160791563008), interests=READABLE | WRITABLE
2024-11-18 17:12:49.734567  [TRACE] start flags: Flags(0x0)
2024-11-18 17:12:49.7345722 [TRACE] start timers:
2024-11-18 17:12:49.7345741 [TRACE]   head timer is inactive
2024-11-18 17:12:49.7345763 [TRACE]   keep-alive timer is inactive
2024-11-18 17:12:49.7345776 [TRACE]   shutdown timer is inactive
2024-11-18 17:12:49.7345884 [TRACE] end timers:
2024-11-18 17:12:49.7345912 [TRACE]   head timer is active and due to expire in 4694.6226 milliseconds
2024-11-18 17:12:49.7345922 [TRACE]   keep-alive timer is inactive
2024-11-18 17:12:49.7345931 [TRACE]   shutdown timer is inactive
2024-11-18 17:12:49.7345955 [TRACE] end flags: Flags(STARTED)
2024-11-18 17:12:49.7346857 [TRACE] start flags: Flags(STARTED)
2024-11-18 17:12:49.7346905 [TRACE] start timers:
2024-11-18 17:12:49.7346922 [TRACE]   head timer is active and due to expire in 4694.5205 milliseconds
2024-11-18 17:12:49.7346931 [TRACE]   keep-alive timer is inactive
2024-11-18 17:12:49.7346945 [TRACE]   shutdown timer is inactive
2024-11-18 17:12:49.7353256 [TRACE] end timers:
2024-11-18 17:12:49.7353431 [TRACE]   head timer is inactive
2024-11-18 17:12:49.7353474 [TRACE]   keep-alive timer is active and due to expire in 4695.025 milliseconds
2024-11-18 17:12:49.7353491 [TRACE]   shutdown timer is inactive
2024-11-18 17:12:49.735354  [TRACE] end flags: Flags(STARTED | FINISHED | KEEP_ALIVE)
2024-11-18 17:12:49.7628277 [TRACE] end timers:
2024-11-18 17:12:49.7628455 [TRACE]   head timer is inactive
2024-11-18 17:12:49.7628523 [TRACE]   keep-alive timer is active and due to expire in 4666.364 milliseconds
2024-11-18 17:12:49.7628541 [TRACE]   shutdown timer is inactive
2024-11-18 17:12:49.7628612 [TRACE] end flags: Flags(STARTED | FINISHED | KEEP_ALIVE)
2024-11-18 17:12:49.7628788 [TRACE] start flags: Flags(STARTED)
2024-11-18 17:12:49.7628797 [TRACE] start timers:
2024-11-18 17:12:49.7628809 [TRACE]   head timer is active and due to expire in 4666.331 milliseconds
2024-11-18 17:12:49.7628821 [TRACE]   keep-alive timer is inactive
2024-11-18 17:12:49.7628828 [TRACE]   shutdown timer is inactive
2024-11-18 17:12:49.7634712 [TRACE] end timers:
2024-11-18 17:12:49.7634776 [TRACE]   head timer is inactive
2024-11-18 17:12:49.76348   [TRACE]   keep-alive timer is active and due to expire in 4665.733 milliseconds
2024-11-18 17:12:49.7634809 [TRACE]   shutdown timer is inactive
2024-11-18 17:12:49.7634841 [TRACE] end flags: Flags(STARTED | FINISHED | KEEP_ALIVE)
2024-11-18 17:12:49.9063072 [TRACE] start flags: Flags(STARTED | FINISHED | KEEP_ALIVE)
2024-11-18 17:12:49.9063411 [TRACE] start timers:
2024-11-18 17:12:49.9063447 [TRACE]   head timer is inactive
2024-11-18 17:12:49.9063561 [TRACE]   keep-alive timer is active and due to expire in 4522.8643 milliseconds
2024-11-18 17:12:49.9063581 [TRACE]   shutdown timer is inactive
2024-11-18 17:12:49.9065335 [TRACE] trying to clear an inactive timer from line 705
2024-11-18 17:12:49.9069789 [TRACE] end timers:
2024-11-18 17:12:49.9069831 [TRACE]   head timer is inactive
2024-11-18 17:12:49.9069851 [TRACE]   keep-alive timer is active and due to expire in 4522.2275 milliseconds
2024-11-18 17:12:49.9069862 [TRACE]   shutdown timer is inactive
2024-11-18 17:12:49.9069909 [TRACE] end flags: Flags(STARTED | FINISHED | KEEP_ALIVE)
2024-11-18 17:12:49.9077247 [TRACE] start flags: Flags(STARTED | FINISHED | KEEP_ALIVE)
2024-11-18 17:12:49.9077323 [TRACE] start timers:
2024-11-18 17:12:49.9077337 [TRACE]   head timer is inactive
2024-11-18 17:12:49.9077364 [TRACE]   keep-alive timer is active and due to expire in 4521.4766 milliseconds
2024-11-18 17:12:49.9077373 [TRACE]   shutdown timer is inactive
2024-11-18 17:12:49.9078046 [TRACE] trying to clear an inactive timer from line 705
2024-11-18 17:12:49.9083943 [TRACE] end timers:
2024-11-18 17:12:49.9084008 [TRACE]   head timer is inactive
2024-11-18 17:12:49.908404  [TRACE]   keep-alive timer is active and due to expire in 4520.8096 milliseconds
2024-11-18 17:12:49.9084053 [TRACE]   shutdown timer is inactive
2024-11-18 17:12:49.9084106 [TRACE] end flags: Flags(STARTED | FINISHED | KEEP_ALIVE)
2024-11-18 17:12:54.4394305 [TRACE] start flags: Flags(STARTED | FINISHED | KEEP_ALIVE)
2024-11-18 17:12:54.4394755 [TRACE] start timers:
2024-11-18 17:12:54.4394826 [TRACE]   head timer is inactive
2024-11-18 17:12:54.4394891 [TRACE]   keep-alive timer is active and has reached deadline
2024-11-18 17:12:54.4394926 [TRACE]   shutdown timer is inactive
2024-11-18 17:12:54.4395037 [TRACE] timer timed out; closing connection
2024-11-18 17:12:54.4395328 [TRACE] start flags: Flags(STARTED | FINISHED | KEEP_ALIVE)
2024-11-18 17:12:54.4395428 [TRACE] start timers:
2024-11-18 17:12:54.4395444 [TRACE]   head timer is inactive
2024-11-18 17:12:54.4395465 [TRACE]   keep-alive timer is active and has reached deadline
2024-11-18 17:12:54.439548  [TRACE]   shutdown timer is inactive
2024-11-18 17:12:54.4395526 [TRACE] timer timed out; closing connection
2024-11-18 17:12:54.4396636 [TRACE] end flags: Flags(STARTED | FINISHED | KEEP_ALIVE | SHUTDOWN)
2024-11-18 17:12:54.43968   [TRACE] end flags: Flags(STARTED | FINISHED | KEEP_ALIVE | SHUTDOWN)
2024-11-18 17:12:54.4396913 [TRACE] deregistering event source from poller
2024-11-18 17:12:54.4396917 [TRACE] deregistering event source from poller
2024-11-18 17:12:54.439771  [TRACE] start flags: Flags(STARTED | FINISHED | KEEP_ALIVE)
2024-11-18 17:12:54.439774  [TRACE] start flags: Flags(STARTED | FINISHED | KEEP_ALIVE)
2024-11-18 17:12:54.4397758 [TRACE] start timers:
2024-11-18 17:12:54.4397767 [TRACE]   head timer is inactive
2024-11-18 17:12:54.4397771 [TRACE] start timers:
2024-11-18 17:12:54.439778  [TRACE]   keep-alive timer is active and has reached deadline
2024-11-18 17:12:54.4397782 [TRACE]   head timer is inactive
2024-11-18 17:12:54.4397788 [TRACE]   shutdown timer is inactive
2024-11-18 17:12:54.43978   [TRACE]   keep-alive timer is active and has reached deadline
2024-11-18 17:12:54.4397812 [TRACE]   shutdown timer is inactive
2024-11-18 17:12:54.4397838 [TRACE] timer timed out; closing connection
2024-11-18 17:12:54.4397841 [TRACE] timer timed out; closing connection
2024-11-18 17:12:54.4398127 [TRACE] end flags: Flags(STARTED | FINISHED | KEEP_ALIVE | SHUTDOWN)
2024-11-18 17:12:54.4398152 [TRACE] deregistering event source from poller
2024-11-18 17:12:54.4398236 [TRACE] end flags: Flags(STARTED | FINISHED | KEEP_ALIVE | SHUTDOWN)
2024-11-18 17:12:54.4398277 [TRACE] deregistering event source from poller
2024-11-18 17:12:54.4399266 [TRACE] start flags: Flags(STARTED | FINISHED | KEEP_ALIVE)
2024-11-18 17:12:54.4399555 [TRACE] start timers:
2024-11-18 17:12:54.4399568 [TRACE]   head timer is inactive
2024-11-18 17:12:54.4399592 [TRACE]   keep-alive timer is active and has reached deadline
2024-11-18 17:12:54.4399603 [TRACE]   shutdown timer is inactive
2024-11-18 17:12:54.4399618 [TRACE] timer timed out; closing connection
2024-11-18 17:12:54.4399853 [TRACE] end flags: Flags(STARTED | FINISHED | KEEP_ALIVE | SHUTDOWN)
2024-11-18 17:12:54.4399899 [TRACE] deregistering event source from poller
2024-11-18 17:13:11.7136085 [TRACE] registering event source with poller: token=Token(2160767185408), interests=READABLE | WRITABLE
2024-11-18 17:13:11.7138225 [TRACE] start flags: Flags(0x0)
2024-11-18 17:13:11.7138333 [TRACE] start timers:
2024-11-18 17:13:11.7138357 [TRACE]   head timer is inactive
2024-11-18 17:13:11.7138376 [TRACE]   keep-alive timer is inactive
2024-11-18 17:13:11.713839  [TRACE]   shutdown timer is inactive
2024-11-18 17:13:11.7138858 [TRACE] end timers:
2024-11-18 17:13:11.7139255 [TRACE]   head timer is active and due to expire in 4716.4497 milliseconds
2024-11-18 17:13:11.7139277 [TRACE]   keep-alive timer is inactive
2024-11-18 17:13:11.7139291 [TRACE]   shutdown timer is inactive
2024-11-18 17:13:11.7139295 [TRACE] registering event source with poller: token=Token(2160767357056), interests=READABLE | WRITABLE
2024-11-18 17:13:11.7139352 [TRACE] end flags: Flags(STARTED)
2024-11-18 17:13:11.713967  [TRACE] start flags: Flags(0x0)
2024-11-18 17:13:11.7139699 [TRACE] start timers:
2024-11-18 17:13:11.7139709 [TRACE]   head timer is inactive
2024-11-18 17:13:11.713972  [TRACE]   keep-alive timer is inactive
2024-11-18 17:13:11.7139732 [TRACE]   shutdown timer is inactive
2024-11-18 17:13:11.7139807 [TRACE] start flags: Flags(STARTED)
2024-11-18 17:13:11.7139822 [TRACE] start timers:
2024-11-18 17:13:11.7139822 [TRACE] end timers:
2024-11-18 17:13:11.7139841 [TRACE]   head timer is active and due to expire in 4716.387 milliseconds
2024-11-18 17:13:11.7139851 [TRACE]   keep-alive timer is inactive
2024-11-18 17:13:11.7139864 [TRACE]   head timer is active and due to expire in 4715.227 milliseconds
2024-11-18 17:13:11.7139865 [TRACE]   shutdown timer is inactive
2024-11-18 17:13:11.7139876 [TRACE]   keep-alive timer is inactive
2024-11-18 17:13:11.7139885 [TRACE]   shutdown timer is inactive
2024-11-18 17:13:11.7139914 [TRACE] end flags: Flags(STARTED)
2024-11-18 17:13:11.7152379 [TRACE] end timers:
2024-11-18 17:13:11.7152453 [TRACE]   head timer is inactive
2024-11-18 17:13:11.7152479 [TRACE]   keep-alive timer is active and due to expire in 4715.123 milliseconds
2024-11-18 17:13:11.715249  [TRACE]   shutdown timer is inactive
2024-11-18 17:13:11.7152521 [TRACE] end flags: Flags(STARTED | FINISHED | KEEP_ALIVE)
2024-11-18 17:13:11.7247457 [TRACE] registering event source with poller: token=Token(2160767343232), interests=READABLE | WRITABLE
2024-11-18 17:13:11.7247576 [TRACE] registering event source with poller: token=Token(2160791564800), interests=READABLE | WRITABLE
2024-11-18 17:13:11.7248425 [TRACE] start flags: Flags(0x0)
2024-11-18 17:13:11.7248425 [TRACE] start flags: Flags(0x0)
2024-11-18 17:13:11.7248486 [TRACE] start timers:
2024-11-18 17:13:11.7248498 [TRACE] start timers:
2024-11-18 17:13:11.7248512 [TRACE]   head timer is inactive
2024-11-18 17:13:11.7248512 [TRACE]   head timer is inactive
2024-11-18 17:13:11.7248527 [TRACE]   keep-alive timer is inactive
2024-11-18 17:13:11.7248529 [TRACE]   keep-alive timer is inactive
2024-11-18 17:13:11.7248539 [TRACE]   shutdown timer is inactive
2024-11-18 17:13:11.724854  [TRACE]   shutdown timer is inactive
2024-11-18 17:13:11.7248816 [TRACE] end timers:
2024-11-18 17:13:11.7248817 [TRACE] end timers:
2024-11-18 17:13:11.7248866 [TRACE]   head timer is active and due to expire in 4704.329 milliseconds
2024-11-18 17:13:11.7248875 [TRACE]   keep-alive timer is inactive
2024-11-18 17:13:11.7248882 [TRACE]   shutdown timer is inactive
2024-11-18 17:13:11.7248925 [TRACE]   head timer is active and due to expire in 4705.4873 milliseconds
2024-11-18 17:13:11.7248935 [TRACE] end flags: Flags(STARTED)
2024-11-18 17:13:11.7248937 [TRACE]   keep-alive timer is inactive
2024-11-18 17:13:11.7248945 [TRACE]   shutdown timer is inactive
2024-11-18 17:13:11.7248968 [TRACE] end flags: Flags(STARTED)
2024-11-18 17:13:11.7249461 [TRACE] start flags: Flags(STARTED | FINISHED | KEEP_ALIVE)
2024-11-18 17:13:11.7249474 [TRACE] start timers:
2024-11-18 17:13:11.7249486 [TRACE]   head timer is inactive
2024-11-18 17:13:11.7249506 [TRACE]   keep-alive timer is active and due to expire in 4705.4204 milliseconds
2024-11-18 17:13:11.7249514 [TRACE]   shutdown timer is inactive
2024-11-18 17:13:11.7250399 [TRACE] trying to clear an inactive timer from line 705
2024-11-18 17:13:11.7251484 [TRACE] start flags: Flags(STARTED)
2024-11-18 17:13:11.7251641 [TRACE] start timers:
2024-11-18 17:13:11.7251668 [TRACE]   head timer is active and due to expire in 4704.0464 milliseconds
2024-11-18 17:13:11.7251691 [TRACE]   keep-alive timer is inactive
2024-11-18 17:13:11.72517   [TRACE]   shutdown timer is inactive
2024-11-18 17:13:11.7258731 [TRACE] end timers:
2024-11-18 17:13:11.7258796 [TRACE]   head timer is inactive
2024-11-18 17:13:11.7258819 [TRACE]   keep-alive timer is active and due to expire in 4703.331 milliseconds
2024-11-18 17:13:11.7258829 [TRACE]   shutdown timer is inactive
2024-11-18 17:13:11.7258861 [TRACE] end flags: Flags(STARTED | FINISHED | KEEP_ALIVE)
2024-11-18 17:13:11.7258912 [TRACE] start flags: Flags(STARTED)
2024-11-18 17:13:11.7258923 [TRACE] start timers:
2024-11-18 17:13:11.7258935 [TRACE]   head timer is active and due to expire in 4703.3184 milliseconds
2024-11-18 17:13:11.7258974 [TRACE]   keep-alive timer is inactive
2024-11-18 17:13:11.7258981 [TRACE]   shutdown timer is inactive
2024-11-18 17:13:11.7298426 [TRACE] end timers:
2024-11-18 17:13:11.7298553 [TRACE]   head timer is inactive
2024-11-18 17:13:11.7298592 [TRACE]   keep-alive timer is active and due to expire in 4700.5127 milliseconds
2024-11-18 17:13:11.7298604 [TRACE]   shutdown timer is inactive
2024-11-18 17:13:11.7298658 [TRACE] end flags: Flags(STARTED | FINISHED | KEEP_ALIVE)
2024-11-18 17:13:11.7298932 [TRACE] registering event source with poller: token=Token(2160767468032), interests=READABLE | WRITABLE
2024-11-18 17:13:11.7299224 [TRACE] start flags: Flags(0x0)
2024-11-18 17:13:11.7299246 [TRACE] start timers:
2024-11-18 17:13:11.7299256 [TRACE]   head timer is inactive
2024-11-18 17:13:11.7299264 [TRACE]   keep-alive timer is inactive
2024-11-18 17:13:11.7299272 [TRACE]   shutdown timer is inactive
2024-11-18 17:13:11.7299338 [TRACE] end timers:
2024-11-18 17:13:11.729935  [TRACE]   head timer is active and due to expire in 4700.4355 milliseconds
2024-11-18 17:13:11.7299358 [TRACE]   keep-alive timer is inactive
2024-11-18 17:13:11.7299367 [TRACE]   shutdown timer is inactive
2024-11-18 17:13:11.7299386 [TRACE] end flags: Flags(STARTED)
2024-11-18 17:13:11.7299918 [TRACE] start flags: Flags(STARTED)
2024-11-18 17:13:11.7299926 [TRACE] start timers:
2024-11-18 17:13:11.7299939 [TRACE]   head timer is active and due to expire in 4700.377 milliseconds
2024-11-18 17:13:11.7299945 [TRACE]   keep-alive timer is inactive
2024-11-18 17:13:11.7299952 [TRACE]   shutdown timer is inactive
2024-11-18 17:13:11.7316576 [TRACE] end timers:
2024-11-18 17:13:11.731673  [TRACE]   head timer is inactive
2024-11-18 17:13:11.7316785 [TRACE]   keep-alive timer is active and due to expire in 4697.5366 milliseconds
2024-11-18 17:13:11.7316798 [TRACE]   shutdown timer is inactive
2024-11-18 17:13:11.7316856 [TRACE] end flags: Flags(STARTED | FINISHED | KEEP_ALIVE)
2024-11-18 17:13:11.7593717 [TRACE] end timers:
2024-11-18 17:13:11.7593949 [TRACE]   head timer is inactive
2024-11-18 17:13:11.7594004 [TRACE]   keep-alive timer is active and due to expire in 4670.9727 milliseconds
2024-11-18 17:13:11.7594015 [TRACE]   shutdown timer is inactive
2024-11-18 17:13:11.7594088 [TRACE] end flags: Flags(STARTED | FINISHED | KEEP_ALIVE)
2024-11-18 17:13:11.7594252 [TRACE] start flags: Flags(STARTED)
2024-11-18 17:13:11.7594262 [TRACE] start timers:
2024-11-18 17:13:11.7594277 [TRACE]   head timer is active and due to expire in 4670.9434 milliseconds
2024-11-18 17:13:11.7594285 [TRACE]   keep-alive timer is inactive
2024-11-18 17:13:11.7594293 [TRACE]   shutdown timer is inactive
2024-11-18 17:13:11.7599713 [TRACE] end timers:
2024-11-18 17:13:11.7599777 [TRACE]   head timer is inactive
2024-11-18 17:13:11.7599798 [TRACE]   keep-alive timer is active and due to expire in 4670.391 milliseconds
2024-11-18 17:13:11.7599808 [TRACE]   shutdown timer is inactive
2024-11-18 17:13:11.7599834 [TRACE] end flags: Flags(STARTED | FINISHED | KEEP_ALIVE)
2024-11-18 17:13:11.8406503 [TRACE] start flags: Flags(STARTED | FINISHED | KEEP_ALIVE)
2024-11-18 17:13:11.8406723 [TRACE] start timers:
2024-11-18 17:13:11.8406747 [TRACE]   head timer is inactive
2024-11-18 17:13:11.8406807 [TRACE]   keep-alive timer is active and due to expire in 4589.6934 milliseconds
2024-11-18 17:13:11.8406819 [TRACE]   shutdown timer is inactive
2024-11-18 17:13:11.8407855 [TRACE] trying to clear an inactive timer from line 705
2024-11-18 17:13:11.8410139 [TRACE] end timers:
2024-11-18 17:13:11.8410179 [TRACE]   head timer is inactive
2024-11-18 17:13:11.8410203 [TRACE]   keep-alive timer is active and due to expire in 4589.351 milliseconds
2024-11-18 17:13:11.8410212 [TRACE]   shutdown timer is inactive
2024-11-18 17:13:11.8410256 [TRACE] end flags: Flags(STARTED | FINISHED | KEEP_ALIVE)
2024-11-18 17:13:11.8410732 [TRACE] start flags: Flags(STARTED | FINISHED | KEEP_ALIVE)
2024-11-18 17:13:11.8410764 [TRACE] start timers:
2024-11-18 17:13:11.8410774 [TRACE]   head timer is inactive
2024-11-18 17:13:11.8410787 [TRACE]   keep-alive timer is active and due to expire in 4589.292 milliseconds
2024-11-18 17:13:11.8410798 [TRACE]   shutdown timer is inactive
2024-11-18 17:13:11.841117  [TRACE] trying to clear an inactive timer from line 705
2024-11-18 17:13:11.84154   [TRACE] end timers:
2024-11-18 17:13:11.8415458 [TRACE]   head timer is inactive
2024-11-18 17:13:11.8415481 [TRACE]   keep-alive timer is active and due to expire in 4588.823 milliseconds
2024-11-18 17:13:11.8415491 [TRACE]   shutdown timer is inactive
2024-11-18 17:13:11.8415528 [TRACE] end flags: Flags(STARTED | FINISHED | KEEP_ALIVE)
2024-11-18 17:13:16.4447755 [TRACE] start flags: Flags(STARTED | FINISHED | KEEP_ALIVE)
2024-11-18 17:13:16.4447755 [TRACE] start flags: Flags(STARTED | FINISHED | KEEP_ALIVE)
2024-11-18 17:13:16.4448023 [TRACE] start timers:
2024-11-18 17:13:16.4448047 [TRACE]   head timer is inactive
2024-11-18 17:13:16.4448081 [TRACE]   keep-alive timer is active and has reached deadline
2024-11-18 17:13:16.4448093 [TRACE]   shutdown timer is inactive
2024-11-18 17:13:16.4448098 [TRACE] start timers:
2024-11-18 17:13:16.4448125 [TRACE]   head timer is inactive
2024-11-18 17:13:16.4448145 [TRACE] timer timed out; closing connection
2024-11-18 17:13:16.4448148 [TRACE]   keep-alive timer is active and has reached deadline
2024-11-18 17:13:16.4448158 [TRACE]   shutdown timer is inactive
2024-11-18 17:13:16.4448212 [TRACE] timer timed out; closing connection
2024-11-18 17:13:16.4449031 [TRACE] end flags: Flags(STARTED | FINISHED | KEEP_ALIVE | SHUTDOWN)
2024-11-18 17:13:16.4449035 [TRACE] end flags: Flags(STARTED | FINISHED | KEEP_ALIVE | SHUTDOWN)
2024-11-18 17:13:16.4449183 [TRACE] deregistering event source from poller
2024-11-18 17:13:16.4449187 [TRACE] deregistering event source from poller
2024-11-18 17:13:16.4449818 [TRACE] start flags: Flags(STARTED | FINISHED | KEEP_ALIVE)
2024-11-18 17:13:16.4449854 [TRACE] start flags: Flags(STARTED | FINISHED | KEEP_ALIVE)
2024-11-18 17:13:16.4449872 [TRACE] start timers:
2024-11-18 17:13:16.4449879 [TRACE] start timers:
2024-11-18 17:13:16.4449883 [TRACE]   head timer is inactive
2024-11-18 17:13:16.4449892 [TRACE]   head timer is inactive
2024-11-18 17:13:16.4449896 [TRACE]   keep-alive timer is active and has reached deadline
2024-11-18 17:13:16.4449904 [TRACE]   shutdown timer is inactive
2024-11-18 17:13:16.4449905 [TRACE]   keep-alive timer is active and has reached deadline
2024-11-18 17:13:16.4449915 [TRACE]   shutdown timer is inactive
2024-11-18 17:13:16.4449918 [TRACE] timer timed out; closing connection
2024-11-18 17:13:16.4449941 [TRACE] timer timed out; closing connection
2024-11-18 17:13:16.4450311 [TRACE] end flags: Flags(STARTED | FINISHED | KEEP_ALIVE | SHUTDOWN)
2024-11-18 17:13:16.4450345 [TRACE] deregistering event source from poller
2024-11-18 17:13:16.4451086 [TRACE] start flags: Flags(STARTED | FINISHED | KEEP_ALIVE)
2024-11-18 17:13:16.44511   [TRACE] start timers:
2024-11-18 17:13:16.445111  [TRACE]   head timer is inactive
2024-11-18 17:13:16.4451119 [TRACE]   keep-alive timer is active and has reached deadline
2024-11-18 17:13:16.4451127 [TRACE]   shutdown timer is inactive
2024-11-18 17:13:16.445114  [TRACE] timer timed out; closing connection
2024-11-18 17:13:16.4451254 [TRACE] end flags: Flags(STARTED | FINISHED | KEEP_ALIVE | SHUTDOWN)
2024-11-18 17:13:16.4451327 [TRACE] deregistering event source from poller
2024-11-18 17:13:16.4451343 [TRACE] end flags: Flags(STARTED | FINISHED | KEEP_ALIVE | SHUTDOWN)
2024-11-18 17:13:16.4451366 [TRACE] deregistering event source from poller
2024-11-18 17:19:52.3814176 [INFO] SIGINT received; starting forced shutdown
2024-11-18 17:19:52.3815379 [TRACE] deregistering event source from poller
2024-11-18 17:19:52.3815772 [INFO] shutting down idle worker
2024-11-18 17:19:52.3815873 [DEBUG] paused accepting connections on 0.0.0.0:3001
2024-11-18 17:19:52.3815904 [INFO] accept thread stopped
2024-11-18 17:19:52.3816351 [INFO] shutting down idle worker
2024-11-18 17:19:58.7404504 [INFO] server is on, addr http://0.0.0.0:3001
2024-11-18 17:19:58.7420591 [INFO] starting 2 workers
2024-11-18 17:19:58.742094  [INFO] Actix runtime found; starting in Actix runtime
2024-11-18 17:19:58.7421236 [INFO] starting service: "actix-web-service-0.0.0.0:3001", workers: 2, listening on: 0.0.0.0:3001
2024-11-18 17:19:58.7421593 [TRACE] starting server worker 0
2024-11-18 17:19:58.7444919 [TRACE] starting server worker 1
2024-11-18 17:19:58.7445335 [TRACE] service "actix-web-service-0.0.0.0:3001" is available
2024-11-18 17:19:58.7455692 [TRACE] registering event source with poller: token=Token(0), interests=READABLE
2024-11-18 17:19:58.7455905 [TRACE] service "actix-web-service-0.0.0.0:3001" is available
2024-11-18 17:19:58.7456444 [TRACE] setting up OS signal listener
2024-11-18 17:20:01.2770632 [TRACE] registering event source with poller: token=Token(1298171297536), interests=READABLE | WRITABLE
2024-11-18 17:20:01.2770632 [TRACE] registering event source with poller: token=Token(1298147216896), interests=READABLE | WRITABLE
2024-11-18 17:20:01.2772691 [TRACE] start flags: Flags(0x0)
2024-11-18 17:20:01.2772752 [TRACE] start flags: Flags(0x0)
2024-11-18 17:20:01.2772825 [TRACE] start timers:
2024-11-18 17:20:01.2772842 [TRACE] start timers:
2024-11-18 17:20:01.2772886 [TRACE]   head timer is inactive
2024-11-18 17:20:01.27729   [TRACE]   keep-alive timer is inactive
2024-11-18 17:20:01.2772912 [TRACE]   head timer is inactive
2024-11-18 17:20:01.2772926 [TRACE]   keep-alive timer is inactive
2024-11-18 17:20:01.2772937 [TRACE]   shutdown timer is inactive
2024-11-18 17:20:01.277316  [TRACE]   shutdown timer is inactive
2024-11-18 17:20:01.2773462 [TRACE] end timers:
2024-11-18 17:20:01.2773532 [TRACE] end timers:
2024-11-18 17:20:01.2773541 [TRACE]   head timer is active and due to expire in 4968.227 milliseconds
2024-11-18 17:20:01.2773555 [TRACE]   keep-alive timer is inactive
2024-11-18 17:20:01.2773561 [TRACE]   head timer is active and due to expire in 4967.1494 milliseconds
2024-11-18 17:20:01.2773563 [TRACE]   shutdown timer is inactive
2024-11-18 17:20:01.2773574 [TRACE]   keep-alive timer is inactive
2024-11-18 17:20:01.2773589 [TRACE]   shutdown timer is inactive
2024-11-18 17:20:01.2773659 [TRACE] end flags: Flags(STARTED)
2024-11-18 17:20:01.2773661 [TRACE] end flags: Flags(STARTED)
2024-11-18 17:20:01.2774006 [TRACE] start flags: Flags(STARTED)
2024-11-18 17:20:01.2774016 [TRACE] start timers:
2024-11-18 17:20:01.277403  [TRACE]   head timer is active and due to expire in 4967.1016 milliseconds
2024-11-18 17:20:01.2774038 [TRACE]   keep-alive timer is inactive
2024-11-18 17:20:01.2774046 [TRACE]   shutdown timer is inactive
2024-11-18 17:20:01.2784027 [TRACE] end timers:
2024-11-18 17:20:01.2784091 [TRACE]   head timer is inactive
2024-11-18 17:20:01.2784143 [TRACE]   keep-alive timer is active and due to expire in 4966.0938 milliseconds
2024-11-18 17:20:01.2784154 [TRACE]   shutdown timer is inactive
2024-11-18 17:20:01.2784182 [TRACE] end flags: Flags(STARTED | FINISHED | KEEP_ALIVE)
2024-11-18 17:20:01.2857636 [TRACE] start flags: Flags(STARTED | FINISHED | KEEP_ALIVE)
2024-11-18 17:20:01.285786  [TRACE] start timers:
2024-11-18 17:20:01.2857882 [TRACE]   head timer is inactive
2024-11-18 17:20:01.2857954 [TRACE]   keep-alive timer is active and due to expire in 4958.7134 milliseconds
2024-11-18 17:20:01.2857973 [TRACE]   shutdown timer is inactive
2024-11-18 17:20:01.285908  [TRACE] trying to clear an inactive timer from line 705
2024-11-18 17:20:01.289831  [TRACE] end timers:
2024-11-18 17:20:01.2898503 [TRACE]   head timer is inactive
2024-11-18 17:20:01.2898571 [TRACE]   keep-alive timer is active and due to expire in 4954.6514 milliseconds
2024-11-18 17:20:01.2898591 [TRACE]   shutdown timer is inactive
2024-11-18 17:20:01.2898684 [TRACE] end flags: Flags(STARTED | FINISHED | KEEP_ALIVE)
2024-11-18 17:20:01.2903519 [TRACE] registering event source with poller: token=Token(1298171247872), interests=READABLE | WRITABLE
2024-11-18 17:20:01.2904406 [TRACE] start flags: Flags(0x0)
2024-11-18 17:20:01.2904437 [TRACE] start timers:
2024-11-18 17:20:01.2904471 [TRACE]   head timer is inactive
2024-11-18 17:20:01.290448  [TRACE]   keep-alive timer is inactive
2024-11-18 17:20:01.2904489 [TRACE]   shutdown timer is inactive
2024-11-18 17:20:01.290462  [TRACE] end timers:
2024-11-18 17:20:01.2904647 [TRACE]   head timer is active and due to expire in 4954.0405 milliseconds
2024-11-18 17:20:01.2904655 [TRACE]   keep-alive timer is inactive
2024-11-18 17:20:01.2904662 [TRACE]   shutdown timer is inactive
2024-11-18 17:20:01.2904685 [TRACE] end flags: Flags(STARTED)
2024-11-18 17:20:01.2906203 [TRACE] registering event source with poller: token=Token(1298147217792), interests=READABLE | WRITABLE
2024-11-18 17:20:01.2907115 [TRACE] start flags: Flags(0x0)
2024-11-18 17:20:01.290715  [TRACE] start timers:
2024-11-18 17:20:01.2907163 [TRACE]   head timer is inactive
2024-11-18 17:20:01.2907174 [TRACE]   keep-alive timer is inactive
2024-11-18 17:20:01.2907183 [TRACE]   shutdown timer is inactive
2024-11-18 17:20:01.29073   [TRACE] end timers:
2024-11-18 17:20:01.2907319 [TRACE]   head timer is active and due to expire in 4954.8433 milliseconds
2024-11-18 17:20:01.2907335 [TRACE]   keep-alive timer is inactive
2024-11-18 17:20:01.2907344 [TRACE]   shutdown timer is inactive
2024-11-18 17:20:01.2907372 [TRACE] end flags: Flags(STARTED)
2024-11-18 17:20:01.2908053 [TRACE] registering event source with poller: token=Token(1298147319424), interests=READABLE | WRITABLE
2024-11-18 17:20:01.2908336 [TRACE] start flags: Flags(0x0)
2024-11-18 17:20:01.290839  [TRACE] start timers:
2024-11-18 17:20:01.2908417 [TRACE]   head timer is inactive
2024-11-18 17:20:01.2908435 [TRACE]   keep-alive timer is inactive
2024-11-18 17:20:01.2908453 [TRACE]   shutdown timer is inactive
2024-11-18 17:20:01.2908583 [TRACE] end timers:
2024-11-18 17:20:01.2908724 [TRACE]   head timer is active and due to expire in 4953.6436 milliseconds
2024-11-18 17:20:01.2908744 [TRACE]   keep-alive timer is inactive
2024-11-18 17:20:01.2908755 [TRACE] start flags: Flags(STARTED)
2024-11-18 17:20:01.2908772 [TRACE]   shutdown timer is inactive
2024-11-18 17:20:01.2908849 [TRACE] end flags: Flags(STARTED)
2024-11-18 17:20:01.2909015 [TRACE] start timers:
2024-11-18 17:20:01.2909055 [TRACE]   head timer is active and due to expire in 4954.67 milliseconds
2024-11-18 17:20:01.2909067 [TRACE]   keep-alive timer is inactive
2024-11-18 17:20:01.2909075 [TRACE]   shutdown timer is inactive
2024-11-18 17:20:01.291097  [TRACE] start flags: Flags(STARTED)
2024-11-18 17:20:01.2911083 [TRACE] start timers:
2024-11-18 17:20:01.2911117 [TRACE]   head timer is active and due to expire in 4953.3936 milliseconds
2024-11-18 17:20:01.2911137 [TRACE]   keep-alive timer is inactive
2024-11-18 17:20:01.2911154 [TRACE]   shutdown timer is inactive
2024-11-18 17:20:01.2923071 [TRACE] end timers:
2024-11-18 17:20:01.292323  [TRACE]   head timer is inactive
2024-11-18 17:20:01.2923283 [TRACE]   keep-alive timer is active and due to expire in 4953.2485 milliseconds
2024-11-18 17:20:01.2923311 [TRACE]   shutdown timer is inactive
2024-11-18 17:20:01.2923392 [TRACE] end flags: Flags(STARTED | FINISHED | KEEP_ALIVE)
2024-11-18 17:20:01.2924195 [TRACE] start flags: Flags(STARTED)
2024-11-18 17:20:01.2924223 [TRACE] start timers:
2024-11-18 17:20:01.2924255 [TRACE]   head timer is active and due to expire in 4953.15 milliseconds
2024-11-18 17:20:01.2924275 [TRACE]   keep-alive timer is inactive
2024-11-18 17:20:01.2924295 [TRACE]   shutdown timer is inactive
2024-11-18 17:20:01.2974196 [TRACE] end timers:
2024-11-18 17:20:01.2974342 [TRACE]   head timer is inactive
2024-11-18 17:20:01.2974392 [TRACE]   keep-alive timer is active and due to expire in 4948.1377 milliseconds
2024-11-18 17:20:01.2974402 [TRACE]   shutdown timer is inactive
2024-11-18 17:20:01.2974457 [TRACE] end flags: Flags(STARTED | FINISHED | KEEP_ALIVE)
2024-11-18 17:20:01.3184634 [TRACE] end timers:
2024-11-18 17:20:01.3184911 [TRACE]   head timer is inactive
2024-11-18 17:20:01.3185024 [TRACE]   keep-alive timer is active and due to expire in 4926.0093 milliseconds
2024-11-18 17:20:01.3185048 [TRACE]   shutdown timer is inactive
2024-11-18 17:20:01.318516  [TRACE] end flags: Flags(STARTED | FINISHED | KEEP_ALIVE)
2024-11-18 17:20:01.3186576 [TRACE] start flags: Flags(STARTED)
2024-11-18 17:20:01.3186619 [TRACE] start timers:
2024-11-18 17:20:01.3186636 [TRACE]   head timer is active and due to expire in 4925.841 milliseconds
2024-11-18 17:20:01.3186654 [TRACE]   keep-alive timer is inactive
2024-11-18 17:20:01.3186663 [TRACE]   shutdown timer is inactive
2024-11-18 17:20:01.3193113 [TRACE] end timers:
2024-11-18 17:20:01.3193177 [TRACE]   head timer is inactive
2024-11-18 17:20:01.3193204 [TRACE]   keep-alive timer is active and due to expire in 4925.1846 milliseconds
2024-11-18 17:20:01.3193217 [TRACE]   shutdown timer is inactive
2024-11-18 17:20:01.319325  [TRACE] end flags: Flags(STARTED | FINISHED | KEEP_ALIVE)
2024-11-18 17:20:01.4584054 [TRACE] start flags: Flags(STARTED | FINISHED | KEEP_ALIVE)
2024-11-18 17:20:01.4584392 [TRACE] start timers:
2024-11-18 17:20:01.4584417 [TRACE]   head timer is inactive
2024-11-18 17:20:01.4584517 [TRACE]   keep-alive timer is active and due to expire in 4786.0596 milliseconds
2024-11-18 17:20:01.4584528 [TRACE]   shutdown timer is inactive
2024-11-18 17:20:01.4586143 [TRACE] trying to clear an inactive timer from line 705
2024-11-18 17:20:01.4589775 [TRACE] end timers:
2024-11-18 17:20:01.4589818 [TRACE]   head timer is inactive
2024-11-18 17:20:01.458984  [TRACE]   keep-alive timer is active and due to expire in 4785.521 milliseconds
2024-11-18 17:20:01.458985  [TRACE]   shutdown timer is inactive
2024-11-18 17:20:01.4589904 [TRACE] end flags: Flags(STARTED | FINISHED | KEEP_ALIVE)
2024-11-18 17:20:01.4597934 [TRACE] start flags: Flags(STARTED | FINISHED | KEEP_ALIVE)
2024-11-18 17:20:01.4598022 [TRACE] start timers:
2024-11-18 17:20:01.4598038 [TRACE]   head timer is inactive
2024-11-18 17:20:01.4598063 [TRACE]   keep-alive timer is active and due to expire in 4784.6987 milliseconds
2024-11-18 17:20:01.4598075 [TRACE]   shutdown timer is inactive
2024-11-18 17:20:01.4598621 [TRACE] trying to clear an inactive timer from line 705
2024-11-18 17:20:01.4603953 [TRACE] end timers:
2024-11-18 17:20:01.460401  [TRACE]   head timer is inactive
2024-11-18 17:20:01.4604036 [TRACE]   keep-alive timer is active and due to expire in 4784.1016 milliseconds
2024-11-18 17:20:01.4604047 [TRACE]   shutdown timer is inactive
2024-11-18 17:20:01.4604081 [TRACE] end flags: Flags(STARTED | FINISHED | KEEP_ALIVE)
2024-11-18 17:20:03.6070542 [TRACE] start flags: Flags(STARTED | FINISHED | KEEP_ALIVE)
2024-11-18 17:20:03.6070781 [TRACE] start timers:
2024-11-18 17:20:03.6070809 [TRACE]   head timer is inactive
2024-11-18 17:20:03.6070874 [TRACE]   keep-alive timer is active and due to expire in 2637.4211 milliseconds
2024-11-18 17:20:03.6070891 [TRACE]   shutdown timer is inactive
2024-11-18 17:20:03.6072023 [TRACE] trying to clear an inactive timer from line 705
2024-11-18 17:20:03.6077809 [TRACE] end timers:
2024-11-18 17:20:03.6077869 [TRACE]   head timer is inactive
2024-11-18 17:20:03.6077891 [TRACE]   keep-alive timer is active and due to expire in 4636.716 milliseconds
2024-11-18 17:20:03.6077902 [TRACE]   shutdown timer is inactive
2024-11-18 17:20:03.607794  [TRACE] end flags: Flags(STARTED | FINISHED | KEEP_ALIVE)
2024-11-18 17:20:03.6185506 [TRACE] start flags: Flags(STARTED | FINISHED | KEEP_ALIVE)
2024-11-18 17:20:03.6185775 [TRACE] start timers:
2024-11-18 17:20:03.618581  [TRACE]   head timer is inactive
2024-11-18 17:20:03.6185884 [TRACE]   keep-alive timer is active and due to expire in 4625.9204 milliseconds
2024-11-18 17:20:03.6185901 [TRACE]   shutdown timer is inactive
2024-11-18 17:20:03.6187325 [TRACE] trying to clear an inactive timer from line 705
2024-11-18 17:20:03.6188042 [TRACE] start flags: Flags(STARTED | FINISHED | KEEP_ALIVE)
2024-11-18 17:20:03.618814  [TRACE] start timers:
2024-11-18 17:20:03.6188158 [TRACE]   head timer is inactive
2024-11-18 17:20:03.6188182 [TRACE]   keep-alive timer is active and due to expire in 2626.757 milliseconds
2024-11-18 17:20:03.6188195 [TRACE]   shutdown timer is inactive
2024-11-18 17:20:03.6188822 [TRACE] trying to clear an inactive timer from line 705
2024-11-18 17:20:03.6220925 [TRACE] end timers:
2024-11-18 17:20:03.6221031 [TRACE]   head timer is inactive
2024-11-18 17:20:03.622107  [TRACE]   keep-alive timer is active and due to expire in 4622.3994 milliseconds
2024-11-18 17:20:03.6221081 [TRACE]   shutdown timer is inactive
2024-11-18 17:20:03.6221133 [TRACE] end flags: Flags(STARTED | FINISHED | KEEP_ALIVE)
2024-11-18 17:20:03.6221763 [TRACE] start flags: Flags(STARTED | FINISHED | KEEP_ALIVE)
2024-11-18 17:20:03.622178  [TRACE] start timers:
2024-11-18 17:20:03.6221788 [TRACE]   head timer is inactive
2024-11-18 17:20:03.6221808 [TRACE]   keep-alive timer is active and due to expire in 2622.3237 milliseconds
2024-11-18 17:20:03.6221819 [TRACE]   shutdown timer is inactive
2024-11-18 17:20:03.6222962 [TRACE] trying to clear an inactive timer from line 705
2024-11-18 17:20:03.6226897 [TRACE] end timers:
2024-11-18 17:20:03.6226968 [TRACE]   head timer is inactive
2024-11-18 17:20:03.6226992 [TRACE]   keep-alive timer is active and due to expire in 4621.8057 milliseconds
2024-11-18 17:20:03.6227009 [TRACE]   shutdown timer is inactive
2024-11-18 17:20:03.6227055 [TRACE] end flags: Flags(STARTED | FINISHED | KEEP_ALIVE)
2024-11-18 17:20:03.6227182 [TRACE] start flags: Flags(STARTED | FINISHED | KEEP_ALIVE)
2024-11-18 17:20:03.6227191 [TRACE] start timers:
2024-11-18 17:20:03.6227202 [TRACE]   head timer is inactive
2024-11-18 17:20:03.6227213 [TRACE]   keep-alive timer is active and due to expire in 2621.7827 milliseconds
2024-11-18 17:20:03.6227232 [TRACE]   shutdown timer is inactive
2024-11-18 17:20:03.6227847 [TRACE] trying to clear an inactive timer from line 705
2024-11-18 17:20:03.6273442 [TRACE] end timers:
2024-11-18 17:20:03.6273619 [TRACE]   head timer is inactive
2024-11-18 17:20:03.6273655 [TRACE]   keep-alive timer is active and due to expire in 4617.14 milliseconds
2024-11-18 17:20:03.6273666 [TRACE]   shutdown timer is inactive
2024-11-18 17:20:03.6273712 [TRACE] end flags: Flags(STARTED | FINISHED | KEEP_ALIVE)
2024-11-18 17:20:03.6456381 [TRACE] end timers:
2024-11-18 17:20:03.6456645 [TRACE]   head timer is inactive
2024-11-18 17:20:03.6456732 [TRACE]   keep-alive timer is active and due to expire in 4599.9063 milliseconds
2024-11-18 17:20:03.6456764 [TRACE]   shutdown timer is inactive
2024-11-18 17:20:03.6456874 [TRACE] end flags: Flags(STARTED | FINISHED | KEEP_ALIVE)
2024-11-18 17:20:03.6458206 [TRACE] start flags: Flags(STARTED | FINISHED | KEEP_ALIVE)
2024-11-18 17:20:03.6458235 [TRACE] start timers:
2024-11-18 17:20:03.6458272 [TRACE]   head timer is inactive
2024-11-18 17:20:03.6458303 [TRACE]   keep-alive timer is active and due to expire in 2599.7449 milliseconds
2024-11-18 17:20:03.6458313 [TRACE]   shutdown timer is inactive
2024-11-18 17:20:03.6459579 [TRACE] trying to clear an inactive timer from line 705
2024-11-18 17:20:03.6466803 [TRACE] end timers:
2024-11-18 17:20:03.6466895 [TRACE]   head timer is inactive
2024-11-18 17:20:03.6466957 [TRACE]   keep-alive timer is active and due to expire in 4598.8823 milliseconds
2024-11-18 17:20:03.6466974 [TRACE]   shutdown timer is inactive
2024-11-18 17:20:03.6467103 [TRACE] end flags: Flags(STARTED | FINISHED | KEEP_ALIVE)
2024-11-18 17:20:03.7180705 [TRACE] start flags: Flags(STARTED | FINISHED | KEEP_ALIVE)
2024-11-18 17:20:03.7181229 [TRACE] start timers:
2024-11-18 17:20:03.7181293 [TRACE]   head timer is inactive
2024-11-18 17:20:03.7181464 [TRACE]   keep-alive timer is active and due to expire in 4527.439 milliseconds
2024-11-18 17:20:03.7181502 [TRACE]   shutdown timer is inactive
2024-11-18 17:20:03.7184177 [TRACE] trying to clear an inactive timer from line 705
2024-11-18 17:20:03.7189847 [TRACE] end timers:
2024-11-18 17:20:03.718994  [TRACE]   head timer is inactive
2024-11-18 17:20:03.7189992 [TRACE]   keep-alive timer is active and due to expire in 4526.578 milliseconds
2024-11-18 17:20:03.7190009 [TRACE]   shutdown timer is inactive
2024-11-18 17:20:03.7190105 [TRACE] end flags: Flags(STARTED | FINISHED | KEEP_ALIVE)
2024-11-18 17:20:03.71911   [TRACE] start flags: Flags(STARTED | FINISHED | KEEP_ALIVE)
2024-11-18 17:20:03.7191131 [TRACE] start timers:
2024-11-18 17:20:03.7191143 [TRACE]   head timer is inactive
2024-11-18 17:20:03.7191166 [TRACE]   keep-alive timer is active and due to expire in 4526.459 milliseconds
2024-11-18 17:20:03.7191176 [TRACE]   shutdown timer is inactive
2024-11-18 17:20:03.719208  [TRACE] trying to clear an inactive timer from line 705
2024-11-18 17:20:03.720002  [TRACE] end timers:
2024-11-18 17:20:03.72001   [TRACE]   head timer is inactive
2024-11-18 17:20:03.7200138 [TRACE]   keep-alive timer is active and due to expire in 4525.563 milliseconds
2024-11-18 17:20:03.7200151 [TRACE]   shutdown timer is inactive
2024-11-18 17:20:03.7200216 [TRACE] end flags: Flags(STARTED | FINISHED | KEEP_ALIVE)
2024-11-18 17:20:08.2609231 [TRACE] start flags: Flags(STARTED | FINISHED | KEEP_ALIVE)
2024-11-18 17:20:08.2609231 [TRACE] start flags: Flags(STARTED | FINISHED | KEEP_ALIVE)
2024-11-18 17:20:08.2609539 [TRACE] start timers:
2024-11-18 17:20:08.2609565 [TRACE]   head timer is inactive
2024-11-18 17:20:08.2609594 [TRACE]   keep-alive timer is active and has reached deadline
2024-11-18 17:20:08.2609606 [TRACE]   shutdown timer is inactive
2024-11-18 17:20:08.2609648 [TRACE] start timers:
2024-11-18 17:20:08.2609659 [TRACE] timer timed out; closing connection
2024-11-18 17:20:08.2609676 [TRACE]   head timer is inactive
2024-11-18 17:20:08.2609699 [TRACE]   keep-alive timer is active and has reached deadline
2024-11-18 17:20:08.260971  [TRACE]   shutdown timer is inactive
2024-11-18 17:20:08.2609765 [TRACE] timer timed out; closing connection
2024-11-18 17:20:08.2611177 [TRACE] end flags: Flags(STARTED | FINISHED | KEEP_ALIVE | SHUTDOWN)
2024-11-18 17:20:08.261143  [TRACE] deregistering event source from poller
2024-11-18 17:20:08.2611601 [TRACE] end flags: Flags(STARTED | FINISHED | KEEP_ALIVE | SHUTDOWN)
2024-11-18 17:20:08.2611662 [TRACE] deregistering event source from poller
2024-11-18 17:20:08.2612812 [TRACE] start flags: Flags(STARTED | FINISHED | KEEP_ALIVE)
2024-11-18 17:20:08.2612862 [TRACE] start timers:
2024-11-18 17:20:08.2612876 [TRACE]   head timer is inactive
2024-11-18 17:20:08.2612891 [TRACE]   keep-alive timer is active and has reached deadline
2024-11-18 17:20:08.2612902 [TRACE]   shutdown timer is inactive
2024-11-18 17:20:08.2612926 [TRACE] timer timed out; closing connection
2024-11-18 17:20:08.2612977 [TRACE] start flags: Flags(STARTED | FINISHED | KEEP_ALIVE)
2024-11-18 17:20:08.2612998 [TRACE] start timers:
2024-11-18 17:20:08.2613013 [TRACE]   head timer is inactive
2024-11-18 17:20:08.2613027 [TRACE]   keep-alive timer is active and has reached deadline
2024-11-18 17:20:08.261304  [TRACE]   shutdown timer is inactive
2024-11-18 17:20:08.261307  [TRACE] timer timed out; closing connection
2024-11-18 17:20:08.2613523 [TRACE] end flags: Flags(STARTED | FINISHED | KEEP_ALIVE | SHUTDOWN)
2024-11-18 17:20:08.2613574 [TRACE] deregistering event source from poller
2024-11-18 17:20:08.2613688 [TRACE] end flags: Flags(STARTED | FINISHED | KEEP_ALIVE | SHUTDOWN)
2024-11-18 17:20:08.2613728 [TRACE] deregistering event source from poller
2024-11-18 17:20:08.2617078 [TRACE] start flags: Flags(STARTED | FINISHED | KEEP_ALIVE)
2024-11-18 17:20:08.261713  [TRACE] start timers:
2024-11-18 17:20:08.2617142 [TRACE]   head timer is inactive
2024-11-18 17:20:08.2617159 [TRACE]   keep-alive timer is active and has reached deadline
2024-11-18 17:20:08.261717  [TRACE]   shutdown timer is inactive
2024-11-18 17:20:08.2617198 [TRACE] timer timed out; closing connection
2024-11-18 17:20:08.2618024 [TRACE] end flags: Flags(STARTED | FINISHED | KEEP_ALIVE | SHUTDOWN)
2024-11-18 17:20:08.261833  [TRACE] deregistering event source from poller
2024-11-18 17:34:08.1653981 [INFO] SIGINT received; starting forced shutdown
2024-11-18 17:34:08.1656261 [TRACE] deregistering event source from poller
2024-11-18 17:34:08.1657249 [DEBUG] paused accepting connections on 0.0.0.0:3001
2024-11-18 17:34:08.1657244 [INFO] shutting down idle worker
2024-11-18 17:34:08.1657347 [INFO] shutting down idle worker
2024-11-18 17:34:08.1657538 [INFO] accept thread stopped
